Analysis & Synthesis report for g19_lab4
Fri Nov 15 13:16:21 2013
Quartus II 64-Bit Version 9.1 Build 350 03/24/2010 Service Pack 2 SJ Full Version


---------------------
; Table of Contents ;
---------------------
  1. Legal Notice
  2. Analysis & Synthesis Summary
  3. Analysis & Synthesis Settings
  4. Parallel Compilation
  5. Analysis & Synthesis Source Files Read
  6. Analysis & Synthesis Resource Usage Summary
  7. Analysis & Synthesis Resource Utilization by Entity
  8. Analysis & Synthesis RAM Summary
  9. Analysis & Synthesis DSP Block Usage Summary
 10. User-Specified and Inferred Latches
 11. Registers Removed During Synthesis
 12. General Register Statistics
 13. Inverted Register Statistics
 14. Source assignments for g19_Envelope:inst|LPM_COUNTER:lpm_counter_component
 15. Source assignments for g19_tempo:inst6|LPM_ROM:crc_table|altrom:srom|altsyncram:rom_block|altsyncram_u501:auto_generated
 16. Source assignments for g19_tempo:inst6|LPM_COUNTER:lpm_counter_component1
 17. Source assignments for g19_tempo:inst6|LPM_COUNTER:lpm_counter_component2
 18. Parameter Settings for User Entity Instance: g19_Envelope:inst|LPM_COUNTER:lpm_counter_component
 19. Parameter Settings for User Entity Instance: g19_Envelope:inst|mux3:Gate1|LPM_MUX:LPM_MUX_component
 20. Parameter Settings for User Entity Instance: g19_Envelope:inst|LPM_ADD_SUB:LPM_SUB_component
 21. Parameter Settings for User Entity Instance: g19_Envelope:inst|mux3:Gate2|LPM_MUX:LPM_MUX_component
 22. Parameter Settings for User Entity Instance: g19_Envelope:inst|LPM_MULT:lpm_mult_component
 23. Parameter Settings for User Entity Instance: g19_Envelope:inst|LPM_ADD_SUB:LPM_ADD_SUB_component
 24. Parameter Settings for User Entity Instance: g19_Envelope:inst|LPM_FF:lpm_ff_component
 25. Parameter Settings for User Entity Instance: g19_tempo:inst6|LPM_ROM:crc_table
 26. Parameter Settings for User Entity Instance: g19_tempo:inst6|LPM_COUNTER:lpm_counter_component1
 27. Parameter Settings for User Entity Instance: g19_tempo:inst6|LPM_COUNTER:lpm_counter_component2
 28. Parameter Settings for User Entity Instance: g19_tempo:inst6|LPM_FF:lpm_ff_component
 29. Parameter Settings for User Entity Instance: lpm_constant0:01|lpm_constant:lpm_constant_component
 30. lpm_mult Parameter Settings by Entity Instance
 31. Analysis & Synthesis Messages



----------------
; Legal Notice ;
----------------
Copyright (C) 1991-2010 Altera Corporation
Your use of Altera Corporation's design tools, logic functions 
and other software and tools, and its AMPP partner logic 
functions, and any output files from any of the foregoing 
(including device programming or simulation files), and any 
associated documentation or information are expressly subject 
to the terms and conditions of the Altera Program License 
Subscription Agreement, Altera MegaCore Function License 
Agreement, or other applicable license agreement, including, 
without limitation, that your use is for the sole purpose of 
programming logic devices manufactured by Altera and sold by 
Altera or its authorized distributors.  Please refer to the 
applicable agreement for further details.



+------------------------------------------------------------------------------------+
; Analysis & Synthesis Summary                                                       ;
+------------------------------------+-----------------------------------------------+
; Analysis & Synthesis Status        ; Successful - Fri Nov 15 13:16:21 2013         ;
; Quartus II 64-Bit Version          ; 9.1 Build 350 03/24/2010 SP 2 SJ Full Version ;
; Revision Name                      ; g19_lab4                                      ;
; Top-level Entity Name              ; timmer                                        ;
; Family                             ; Cyclone II                                    ;
; Total logic elements               ; 227                                           ;
;     Total combinational functions  ; 227                                           ;
;     Dedicated logic registers      ; 92                                            ;
; Total registers                    ; 92                                            ;
; Total pins                         ; 16                                            ;
; Total virtual pins                 ; 0                                             ;
; Total memory bits                  ; 48                                            ;
; Embedded Multiplier 9-bit elements ; 1                                             ;
; Total PLLs                         ; 0                                             ;
+------------------------------------+-----------------------------------------------+


+----------------------------------------------------------------------------------------------------------------------+
; Analysis & Synthesis Settings                                                                                        ;
+----------------------------------------------------------------------------+--------------------+--------------------+
; Option                                                                     ; Setting            ; Default Value      ;
+----------------------------------------------------------------------------+--------------------+--------------------+
; Device                                                                     ; EP2C20F484C7       ;                    ;
; Top-level entity name                                                      ; timmer             ; g19_lab4           ;
; Family name                                                                ; Cyclone II         ; Cyclone IV GX      ;
; Use Generated Physical Constraints File                                    ; Off                ;                    ;
; Synchronization Register Chain Length                                      ; 2                  ; 3                  ;
; Use smart compilation                                                      ; Off                ; Off                ;
; Enable parallel Assembler and TimeQuest Timing Analyzer during compilation ; On                 ; On                 ;
; Enable compact report table                                                ; Off                ; Off                ;
; Restructure Multiplexers                                                   ; Auto               ; Auto               ;
; Create Debugging Nodes for IP Cores                                        ; Off                ; Off                ;
; Preserve fewer node names                                                  ; On                 ; On                 ;
; Disable OpenCore Plus hardware evaluation                                  ; Off                ; Off                ;
; Verilog Version                                                            ; Verilog_2001       ; Verilog_2001       ;
; VHDL Version                                                               ; VHDL_1993          ; VHDL_1993          ;
; State Machine Processing                                                   ; Auto               ; Auto               ;
; Safe State Machine                                                         ; Off                ; Off                ;
; Extract Verilog State Machines                                             ; On                 ; On                 ;
; Extract VHDL State Machines                                                ; On                 ; On                 ;
; Ignore Verilog initial constructs                                          ; Off                ; Off                ;
; Iteration limit for constant Verilog loops                                 ; 5000               ; 5000               ;
; Iteration limit for non-constant Verilog loops                             ; 250                ; 250                ;
; Add Pass-Through Logic to Inferred RAMs                                    ; On                 ; On                 ;
; Parallel Synthesis                                                         ; On                 ; On                 ;
; DSP Block Balancing                                                        ; Auto               ; Auto               ;
; NOT Gate Push-Back                                                         ; On                 ; On                 ;
; Power-Up Don't Care                                                        ; On                 ; On                 ;
; Remove Redundant Logic Cells                                               ; Off                ; Off                ;
; Remove Duplicate Registers                                                 ; On                 ; On                 ;
; Ignore CARRY Buffers                                                       ; Off                ; Off                ;
; Ignore CASCADE Buffers                                                     ; Off                ; Off                ;
; Ignore GLOBAL Buffers                                                      ; Off                ; Off                ;
; Ignore ROW GLOBAL Buffers                                                  ; Off                ; Off                ;
; Ignore LCELL Buffers                                                       ; Off                ; Off                ;
; Ignore SOFT Buffers                                                        ; On                 ; On                 ;
; Limit AHDL Integers to 32 Bits                                             ; Off                ; Off                ;
; Optimization Technique                                                     ; Balanced           ; Balanced           ;
; Carry Chain Length                                                         ; 70                 ; 70                 ;
; Auto Carry Chains                                                          ; On                 ; On                 ;
; Auto Open-Drain Pins                                                       ; On                 ; On                 ;
; Perform WYSIWYG Primitive Resynthesis                                      ; Off                ; Off                ;
; Auto ROM Replacement                                                       ; On                 ; On                 ;
; Auto RAM Replacement                                                       ; On                 ; On                 ;
; Auto Shift Register Replacement                                            ; Auto               ; Auto               ;
; Auto Clock Enable Replacement                                              ; On                 ; On                 ;
; Strict RAM Replacement                                                     ; Off                ; Off                ;
; Allow Synchronous Control Signals                                          ; On                 ; On                 ;
; Force Use of Synchronous Clear Signals                                     ; Off                ; Off                ;
; Auto RAM to Logic Cell Conversion                                          ; Off                ; Off                ;
; Auto Resource Sharing                                                      ; Off                ; Off                ;
; Allow Any RAM Size For Recognition                                         ; Off                ; Off                ;
; Allow Any ROM Size For Recognition                                         ; Off                ; Off                ;
; Allow Any Shift Register Size For Recognition                              ; Off                ; Off                ;
; Use LogicLock Constraints during Resource Balancing                        ; On                 ; On                 ;
; Ignore translate_off and synthesis_off directives                          ; Off                ; Off                ;
; Timing-Driven Synthesis                                                    ; Off                ; Off                ;
; Show Parameter Settings Tables in Synthesis Report                         ; On                 ; On                 ;
; Ignore Maximum Fan-Out Assignments                                         ; Off                ; Off                ;
; PowerPlay Power Optimization                                               ; Normal compilation ; Normal compilation ;
; HDL message level                                                          ; Level2             ; Level2             ;
; Suppress Register Optimization Related Messages                            ; Off                ; Off                ;
; Number of Removed Registers Reported in Synthesis Report                   ; 5000               ; 5000               ;
; Number of Inverted Registers Reported in Synthesis Report                  ; 100                ; 100                ;
; Clock MUX Protection                                                       ; On                 ; On                 ;
; Auto Gated Clock Conversion                                                ; Off                ; Off                ;
; Block Design Naming                                                        ; Auto               ; Auto               ;
; SDC constraint protection                                                  ; Off                ; Off                ;
; Synthesis Effort                                                           ; Auto               ; Auto               ;
; Shift Register Replacement - Allow Asynchronous Clear Signal               ; On                 ; On                 ;
; Analysis & Synthesis Message Level                                         ; Medium             ; Medium             ;
; Disable Register Merging Across Hierarchies                                ; Auto               ; Auto               ;
; Resource Aware Inference For Block RAM                                     ; On                 ; On                 ;
+----------------------------------------------------------------------------+--------------------+--------------------+


+------------------------------------------+
; Parallel Compilation                     ;
+----------------------------+-------------+
; Processors                 ; Number      ;
+----------------------------+-------------+
; Number detected on machine ; 4           ;
; Maximum allowed            ; 4           ;
;                            ;             ;
; Average used               ; 1.00        ;
; Maximum used               ; 1           ;
;                            ;             ;
; Usage by Processor         ; % Time Used ;
;     1 processor            ; 100.0%      ;
;     2-4 processors         ;   0.0%      ;
+----------------------------+-------------+


+----------------------------------------------------------------------------------------------------------------------------------------------------------------+
; Analysis & Synthesis Source Files Read                                                                                                                         ;
+----------------------------------+-----------------+----------------------------------------+------------------------------------------------------------------+
; File Name with User-Entered Path ; Used in Netlist ; File Type                              ; File Name with Absolute Path                                     ;
+----------------------------------+-----------------+----------------------------------------+------------------------------------------------------------------+
; g19_note_timer.vhd               ; yes             ; User VHDL File                         ; C:/Users/jleung35/Downloads/g19_lab4/g19_note_timer.vhd          ;
; g19_Tempo.vhd                    ; yes             ; User VHDL File                         ; C:/Users/jleung35/Downloads/g19_lab4/g19_Tempo.vhd               ;
; timmer.bdf                       ; yes             ; User Block Diagram/Schematic File      ; C:/Users/jleung35/Downloads/g19_lab4/timmer.bdf                  ;
; g19_Envelope.vhd                 ; yes             ; User VHDL File                         ; C:/Users/jleung35/Downloads/g19_lab4/g19_Envelope.vhd            ;
; mux3.vhd                         ; yes             ; User Wizard-Generated File             ; C:/Users/jleung35/Downloads/g19_lab4/mux3.vhd                    ;
; compares.vhd                     ; yes             ; User VHDL File                         ; C:/Users/jleung35/Downloads/g19_lab4/compares.vhd                ;
; lpm_constant0.vhd                ; yes             ; User Wizard-Generated File             ; C:/Users/jleung35/Downloads/g19_lab4/lpm_constant0.vhd           ;
; lpm_counter.tdf                  ; yes             ; Megafunction                           ; c:/altera/91sp2/quartus/libraries/megafunctions/lpm_counter.tdf  ;
; db/cntr_6kk.tdf                  ; yes             ; Auto-Generated Megafunction            ; C:/Users/jleung35/Downloads/g19_lab4/db/cntr_6kk.tdf             ;
; lpm_mux.tdf                      ; yes             ; Megafunction                           ; c:/altera/91sp2/quartus/libraries/megafunctions/lpm_mux.tdf      ;
; db/mux_73e.tdf                   ; yes             ; Auto-Generated Megafunction            ; C:/Users/jleung35/Downloads/g19_lab4/db/mux_73e.tdf              ;
; lpm_add_sub.tdf                  ; yes             ; Megafunction                           ; c:/altera/91sp2/quartus/libraries/megafunctions/lpm_add_sub.tdf  ;
; db/add_sub_o1j.tdf               ; yes             ; Auto-Generated Megafunction            ; C:/Users/jleung35/Downloads/g19_lab4/db/add_sub_o1j.tdf          ;
; lpm_mult.tdf                     ; yes             ; Megafunction                           ; c:/altera/91sp2/quartus/libraries/megafunctions/lpm_mult.tdf     ;
; db/mult_tqp.tdf                  ; yes             ; Auto-Generated Megafunction            ; C:/Users/jleung35/Downloads/g19_lab4/db/mult_tqp.tdf             ;
; db/add_sub_40i.tdf               ; yes             ; Auto-Generated Megafunction            ; C:/Users/jleung35/Downloads/g19_lab4/db/add_sub_40i.tdf          ;
; lpm_ff.tdf                       ; yes             ; Megafunction                           ; c:/altera/91sp2/quartus/libraries/megafunctions/lpm_ff.tdf       ;
; lpm_rom.tdf                      ; yes             ; Megafunction                           ; c:/altera/91sp2/quartus/libraries/megafunctions/lpm_rom.tdf      ;
; altrom.tdf                       ; yes             ; Megafunction                           ; c:/altera/91sp2/quartus/libraries/megafunctions/altrom.tdf       ;
; altsyncram.tdf                   ; yes             ; Megafunction                           ; c:/altera/91sp2/quartus/libraries/megafunctions/altsyncram.tdf   ;
; db/altsyncram_u501.tdf           ; yes             ; Auto-Generated Megafunction            ; C:/Users/jleung35/Downloads/g19_lab4/db/altsyncram_u501.tdf      ;
; g19_lab3.mif                     ; yes             ; Auto-Found Memory Initialization File  ; C:/Users/jleung35/Downloads/g19_lab4/g19_lab3.mif                ;
; db/cntr_akk.tdf                  ; yes             ; Auto-Generated Megafunction            ; C:/Users/jleung35/Downloads/g19_lab4/db/cntr_akk.tdf             ;
; db/cntr_f7l.tdf                  ; yes             ; Auto-Generated Megafunction            ; C:/Users/jleung35/Downloads/g19_lab4/db/cntr_f7l.tdf             ;
; lpm_constant.tdf                 ; yes             ; Megafunction                           ; c:/altera/91sp2/quartus/libraries/megafunctions/lpm_constant.tdf ;
+----------------------------------+-----------------+----------------------------------------+------------------------------------------------------------------+


+-----------------------------------------------------+
; Analysis & Synthesis Resource Usage Summary         ;
+---------------------------------------------+-------+
; Resource                                    ; Usage ;
+---------------------------------------------+-------+
; Estimated Total logic elements              ; 227   ;
;                                             ;       ;
; Total combinational functions               ; 227   ;
; Logic element usage by number of LUT inputs ;       ;
;     -- 4 input functions                    ; 64    ;
;     -- 3 input functions                    ; 53    ;
;     -- <=2 input functions                  ; 110   ;
;                                             ;       ;
; Logic elements by mode                      ;       ;
;     -- normal mode                          ; 122   ;
;     -- arithmetic mode                      ; 105   ;
;                                             ;       ;
; Total registers                             ; 92    ;
;     -- Dedicated logic registers            ; 92    ;
;     -- I/O registers                        ; 0     ;
;                                             ;       ;
; I/O pins                                    ; 16    ;
; Total memory bits                           ; 48    ;
; Embedded Multiplier 9-bit elements          ; 1     ;
; Maximum fan-out node                        ; clk   ;
; Maximum fan-out                             ; 116   ;
; Total fan-out                               ; 1096  ;
; Average fan-out                             ; 3.04  ;
+---------------------------------------------+-------+


+----------------------------------------------------------------------------------------------------------------------------------------------------------------------------------------------------------------------------------------------------------------------------------------+
; Analysis & Synthesis Resource Utilization by Entity                                                                                                                                                                                                                                    ;
+-------------------------------------------------+-------------------+--------------+-------------+--------------+---------+-----------+------+--------------+-----------------------------------------------------------------------------------------------------------+--------------+
; Compilation Hierarchy Node                      ; LC Combinationals ; LC Registers ; Memory Bits ; DSP Elements ; DSP 9x9 ; DSP 18x18 ; Pins ; Virtual Pins ; Full Hierarchy Name                                                                                       ; Library Name ;
+-------------------------------------------------+-------------------+--------------+-------------+--------------+---------+-----------+------+--------------+-----------------------------------------------------------------------------------------------------------+--------------+
; |timmer                                         ; 227 (1)           ; 92 (0)       ; 48          ; 1            ; 1       ; 0         ; 16   ; 0            ; |timmer                                                                                                   ; work         ;
;    |compares:inst4|                             ; 23 (23)           ; 0 (0)        ; 0           ; 0            ; 0       ; 0         ; 0    ; 0            ; |timmer|compares:inst4                                                                                    ;              ;
;    |g19_Envelope:inst|                          ; 64 (4)            ; 35 (0)       ; 0           ; 1            ; 1       ; 0         ; 0    ; 0            ; |timmer|g19_Envelope:inst                                                                                 ;              ;
;       |lpm_add_sub:LPM_ADD_SUB_component|       ; 41 (0)            ; 0 (0)        ; 0           ; 0            ; 0       ; 0         ; 0    ; 0            ; |timmer|g19_Envelope:inst|lpm_add_sub:LPM_ADD_SUB_component                                               ;              ;
;          |add_sub_40i:auto_generated|           ; 41 (41)           ; 0 (0)        ; 0           ; 0            ; 0       ; 0         ; 0    ; 0            ; |timmer|g19_Envelope:inst|lpm_add_sub:LPM_ADD_SUB_component|add_sub_40i:auto_generated                    ;              ;
;       |lpm_counter:lpm_counter_component|       ; 11 (0)            ; 11 (0)       ; 0           ; 0            ; 0       ; 0         ; 0    ; 0            ; |timmer|g19_Envelope:inst|lpm_counter:lpm_counter_component                                               ;              ;
;          |cntr_6kk:auto_generated|              ; 11 (11)           ; 11 (11)      ; 0           ; 0            ; 0       ; 0         ; 0    ; 0            ; |timmer|g19_Envelope:inst|lpm_counter:lpm_counter_component|cntr_6kk:auto_generated                       ;              ;
;       |lpm_ff:lpm_ff_component|                 ; 0 (0)             ; 24 (24)      ; 0           ; 0            ; 0       ; 0         ; 0    ; 0            ; |timmer|g19_Envelope:inst|lpm_ff:lpm_ff_component                                                         ;              ;
;       |lpm_mult:lpm_mult_component|             ; 0 (0)             ; 0 (0)        ; 0           ; 1            ; 1       ; 0         ; 0    ; 0            ; |timmer|g19_Envelope:inst|lpm_mult:lpm_mult_component                                                     ;              ;
;          |mult_tqp:auto_generated|              ; 0 (0)             ; 0 (0)        ; 0           ; 1            ; 1       ; 0         ; 0    ; 0            ; |timmer|g19_Envelope:inst|lpm_mult:lpm_mult_component|mult_tqp:auto_generated                             ;              ;
;       |mux3:Gate1|                              ; 8 (0)             ; 0 (0)        ; 0           ; 0            ; 0       ; 0         ; 0    ; 0            ; |timmer|g19_Envelope:inst|mux3:Gate1                                                                      ;              ;
;          |lpm_mux:LPM_MUX_component|            ; 8 (0)             ; 0 (0)        ; 0           ; 0            ; 0       ; 0         ; 0    ; 0            ; |timmer|g19_Envelope:inst|mux3:Gate1|lpm_mux:LPM_MUX_component                                            ;              ;
;             |mux_73e:auto_generated|            ; 8 (8)             ; 0 (0)        ; 0           ; 0            ; 0       ; 0         ; 0    ; 0            ; |timmer|g19_Envelope:inst|mux3:Gate1|lpm_mux:LPM_MUX_component|mux_73e:auto_generated                     ;              ;
;    |g19_note_timer:inst1|                       ; 107 (107)         ; 33 (33)      ; 0           ; 0            ; 0       ; 0         ; 0    ; 0            ; |timmer|g19_note_timer:inst1                                                                              ;              ;
;    |g19_tempo:inst6|                            ; 32 (8)            ; 24 (0)       ; 48          ; 0            ; 0       ; 0         ; 0    ; 0            ; |timmer|g19_tempo:inst6                                                                                   ; work         ;
;       |lpm_counter:lpm_counter_component1|      ; 24 (0)            ; 24 (0)       ; 0           ; 0            ; 0       ; 0         ; 0    ; 0            ; |timmer|g19_tempo:inst6|lpm_counter:lpm_counter_component1                                                ; work         ;
;          |cntr_akk:auto_generated|              ; 24 (24)           ; 24 (24)      ; 0           ; 0            ; 0       ; 0         ; 0    ; 0            ; |timmer|g19_tempo:inst6|lpm_counter:lpm_counter_component1|cntr_akk:auto_generated                        ; work         ;
;       |lpm_rom:crc_table|                       ; 0 (0)             ; 0 (0)        ; 48          ; 0            ; 0       ; 0         ; 0    ; 0            ; |timmer|g19_tempo:inst6|lpm_rom:crc_table                                                                 ; work         ;
;          |altrom:srom|                          ; 0 (0)             ; 0 (0)        ; 48          ; 0            ; 0       ; 0         ; 0    ; 0            ; |timmer|g19_tempo:inst6|lpm_rom:crc_table|altrom:srom                                                     ; work         ;
;             |altsyncram:rom_block|              ; 0 (0)             ; 0 (0)        ; 48          ; 0            ; 0       ; 0         ; 0    ; 0            ; |timmer|g19_tempo:inst6|lpm_rom:crc_table|altrom:srom|altsyncram:rom_block                                ; work         ;
;                |altsyncram_u501:auto_generated| ; 0 (0)             ; 0 (0)        ; 48          ; 0            ; 0       ; 0         ; 0    ; 0            ; |timmer|g19_tempo:inst6|lpm_rom:crc_table|altrom:srom|altsyncram:rom_block|altsyncram_u501:auto_generated ; work         ;
+-------------------------------------------------+-------------------+--------------+-------------+--------------+---------+-----------+------+--------------+-----------------------------------------------------------------------------------------------------------+--------------+
Note: For table entries with two numbers listed, the numbers in parentheses indicate the number of resources of the given type used by the specific entity alone. The numbers listed outside of parentheses indicate the total resources of the given type used by the specific entity and all of its sub-entities in the hierarchy.


+--------------------------------------------------------------------------------------------------------------------------------------------------------------------------------------------------------------+
; Analysis & Synthesis RAM Summary                                                                                                                                                                             ;
+--------------------------------------------------------------------------------------------------------------+------+------+--------------+--------------+--------------+--------------+------+--------------+
; Name                                                                                                         ; Type ; Mode ; Port A Depth ; Port A Width ; Port B Depth ; Port B Width ; Size ; MIF          ;
+--------------------------------------------------------------------------------------------------------------+------+------+--------------+--------------+--------------+--------------+------+--------------+
; g19_tempo:inst6|lpm_rom:crc_table|altrom:srom|altsyncram:rom_block|altsyncram_u501:auto_generated|ALTSYNCRAM ; AUTO ; ROM  ; 256          ; 24           ; --           ; --           ; 6144 ; g19_lab3.mif ;
+--------------------------------------------------------------------------------------------------------------+------+------+--------------+--------------+--------------+--------------+------+--------------+


+-----------------------------------------------------+
; Analysis & Synthesis DSP Block Usage Summary        ;
+---------------------------------------+-------------+
; Statistic                             ; Number Used ;
+---------------------------------------+-------------+
; Simple Multipliers (9-bit)            ; 1           ;
; Simple Multipliers (18-bit)           ; 0           ;
; Embedded Multiplier Blocks            ; --          ;
; Embedded Multiplier 9-bit elements    ; 1           ;
; Signed Embedded Multipliers           ; 0           ;
; Unsigned Embedded Multipliers         ; 1           ;
; Mixed Sign Embedded Multipliers       ; 0           ;
; Variable Sign Embedded Multipliers    ; 0           ;
; Dedicated Input Shift Register Chains ; 0           ;
+---------------------------------------+-------------+
Note: number of Embedded Multiplier Blocks used is only available after a successful fit.


+---------------------------------------------------------------------------------------------------+
; User-Specified and Inferred Latches                                                               ;
+----------------------------------------------------+---------------------+------------------------+
; Latch Name                                         ; Latch Enable Signal ; Free of Timing Hazards ;
+----------------------------------------------------+---------------------+------------------------+
; g19_note_timer:inst1|count[0]                      ; GND                 ; yes                    ;
; Number of user-specified and inferred latches = 1  ;                     ;                        ;
+----------------------------------------------------+---------------------+------------------------+
Note: All latches listed above may not be present at the end of synthesis due to various synthesis optimizations.


+--------------------------------------------------------------------------------------------------------------+
; Registers Removed During Synthesis                                                                           ;
+-----------------------------------------------------------------------------------------+--------------------+
; Register name                                                                           ; Reason for Removal ;
+-----------------------------------------------------------------------------------------+--------------------+
; g19_tempo:inst6|lpm_counter:lpm_counter_component2|cntr_f7l:auto_generated|safe_q[0..3] ; Lost fanout        ;
; Total Number of Removed Registers = 4                                                   ;                    ;
+-----------------------------------------------------------------------------------------+--------------------+


+------------------------------------------------------+
; General Register Statistics                          ;
+----------------------------------------------+-------+
; Statistic                                    ; Value ;
+----------------------------------------------+-------+
; Total registers                              ; 92    ;
; Number of registers using Synchronous Clear  ; 56    ;
; Number of registers using Synchronous Load   ; 35    ;
; Number of registers using Asynchronous Clear ; 68    ;
; Number of registers using Asynchronous Load  ; 0     ;
; Number of registers using Clock Enable       ; 24    ;
; Number of registers using Preset             ; 0     ;
+----------------------------------------------+-------+


+--------------------------------------------------+
; Inverted Register Statistics                     ;
+----------------------------------------+---------+
; Inverted Register                      ; Fan out ;
+----------------------------------------+---------+
; g19_note_timer:inst1|GATE              ; 33      ;
; Total number of inverted registers = 1 ;         ;
+----------------------------------------+---------+


+----------------------------------------------------------------------------+
; Source assignments for g19_Envelope:inst|LPM_COUNTER:lpm_counter_component ;
+---------------------------+-------+------+---------------------------------+
; Assignment                ; Value ; From ; To                              ;
+---------------------------+-------+------+---------------------------------+
; SUPPRESS_DA_RULE_INTERNAL ; a101  ; -    ; -                               ;
; SUPPRESS_DA_RULE_INTERNAL ; s102  ; -    ; -                               ;
; SUPPRESS_DA_RULE_INTERNAL ; s103  ; -    ; -                               ;
+---------------------------+-------+------+---------------------------------+


+--------------------------------------------------------------------------------------------------------------------------+
; Source assignments for g19_tempo:inst6|LPM_ROM:crc_table|altrom:srom|altsyncram:rom_block|altsyncram_u501:auto_generated ;
+---------------------------------+--------------------+------+------------------------------------------------------------+
; Assignment                      ; Value              ; From ; To                                                         ;
+---------------------------------+--------------------+------+------------------------------------------------------------+
; OPTIMIZE_POWER_DURING_SYNTHESIS ; NORMAL_COMPILATION ; -    ; -                                                          ;
+---------------------------------+--------------------+------+------------------------------------------------------------+


+---------------------------------------------------------------------------+
; Source assignments for g19_tempo:inst6|LPM_COUNTER:lpm_counter_component1 ;
+---------------------------+-------+------+--------------------------------+
; Assignment                ; Value ; From ; To                             ;
+---------------------------+-------+------+--------------------------------+
; SUPPRESS_DA_RULE_INTERNAL ; a101  ; -    ; -                              ;
; SUPPRESS_DA_RULE_INTERNAL ; s102  ; -    ; -                              ;
; SUPPRESS_DA_RULE_INTERNAL ; s103  ; -    ; -                              ;
+---------------------------+-------+------+--------------------------------+


+---------------------------------------------------------------------------+
; Source assignments for g19_tempo:inst6|LPM_COUNTER:lpm_counter_component2 ;
+---------------------------+-------+------+--------------------------------+
; Assignment                ; Value ; From ; To                             ;
+---------------------------+-------+------+--------------------------------+
; SUPPRESS_DA_RULE_INTERNAL ; a101  ; -    ; -                              ;
; SUPPRESS_DA_RULE_INTERNAL ; s102  ; -    ; -                              ;
; SUPPRESS_DA_RULE_INTERNAL ; s103  ; -    ; -                              ;
+---------------------------+-------+------+--------------------------------+


+--------------------------------------------------------------------------------------------------+
; Parameter Settings for User Entity Instance: g19_Envelope:inst|LPM_COUNTER:lpm_counter_component ;
+------------------------+-------------+-----------------------------------------------------------+
; Parameter Name         ; Value       ; Type                                                      ;
+------------------------+-------------+-----------------------------------------------------------+
; AUTO_CARRY_CHAINS      ; ON          ; AUTO_CARRY                                                ;
; IGNORE_CARRY_BUFFERS   ; OFF         ; IGNORE_CARRY                                              ;
; AUTO_CASCADE_CHAINS    ; ON          ; AUTO_CASCADE                                              ;
; IGNORE_CASCADE_BUFFERS ; OFF         ; IGNORE_CASCADE                                            ;
; LPM_WIDTH              ; 11          ; Signed Integer                                            ;
; LPM_DIRECTION          ; DOWN        ; Untyped                                                   ;
; LPM_MODULUS            ; 0           ; Signed Integer                                            ;
; LPM_AVALUE             ; UNUSED      ; Untyped                                                   ;
; LPM_SVALUE             ; UNUSED      ; Untyped                                                   ;
; LPM_PORT_UPDOWN        ; PORT_UNUSED ; Untyped                                                   ;
; DEVICE_FAMILY          ; Cyclone II  ; Untyped                                                   ;
; CARRY_CHAIN            ; MANUAL      ; Untyped                                                   ;
; CARRY_CHAIN_LENGTH     ; 48          ; CARRY_CHAIN_LENGTH                                        ;
; NOT_GATE_PUSH_BACK     ; ON          ; NOT_GATE_PUSH_BACK                                        ;
; CARRY_CNT_EN           ; SMART       ; Untyped                                                   ;
; LABWIDE_SCLR           ; ON          ; Untyped                                                   ;
; USE_NEW_VERSION        ; TRUE        ; Untyped                                                   ;
; CBXI_PARAMETER         ; cntr_6kk    ; Untyped                                                   ;
+------------------------+-------------+-----------------------------------------------------------+
Note: In order to hide this table in the UI and the text report file, please set the "Show Parameter Settings Tables in Synthesis Report" option in "Analysis and Synthesis Settings -> More Settings" to "Off".


+-----------------------------------------------------------------------------------------------------+
; Parameter Settings for User Entity Instance: g19_Envelope:inst|mux3:Gate1|LPM_MUX:LPM_MUX_component ;
+------------------------+------------+---------------------------------------------------------------+
; Parameter Name         ; Value      ; Type                                                          ;
+------------------------+------------+---------------------------------------------------------------+
; AUTO_CARRY_CHAINS      ; ON         ; AUTO_CARRY                                                    ;
; IGNORE_CARRY_BUFFERS   ; OFF        ; IGNORE_CARRY                                                  ;
; AUTO_CASCADE_CHAINS    ; ON         ; AUTO_CASCADE                                                  ;
; IGNORE_CASCADE_BUFFERS ; OFF        ; IGNORE_CASCADE                                                ;
; LPM_WIDTH              ; 8          ; Signed Integer                                                ;
; LPM_SIZE               ; 2          ; Signed Integer                                                ;
; LPM_WIDTHS             ; 1          ; Signed Integer                                                ;
; LPM_PIPELINE           ; 0          ; Signed Integer                                                ;
; CBXI_PARAMETER         ; mux_73e    ; Untyped                                                       ;
; DEVICE_FAMILY          ; Cyclone II ; Untyped                                                       ;
+------------------------+------------+---------------------------------------------------------------+
Note: In order to hide this table in the UI and the text report file, please set the "Show Parameter Settings Tables in Synthesis Report" option in "Analysis and Synthesis Settings -> More Settings" to "Off".


+----------------------------------------------------------------------------------------------+
; Parameter Settings for User Entity Instance: g19_Envelope:inst|LPM_ADD_SUB:LPM_SUB_component ;
+------------------------+-------------+-------------------------------------------------------+
; Parameter Name         ; Value       ; Type                                                  ;
+------------------------+-------------+-------------------------------------------------------+
; LPM_WIDTH              ; 8           ; Signed Integer                                        ;
; LPM_REPRESENTATION     ; UNSIGNED    ; Untyped                                               ;
; LPM_DIRECTION          ; SUB         ; Untyped                                               ;
; ONE_INPUT_IS_CONSTANT  ; NO          ; Untyped                                               ;
; LPM_PIPELINE           ; 0           ; Signed Integer                                        ;
; MAXIMIZE_SPEED         ; 5           ; Untyped                                               ;
; REGISTERED_AT_END      ; 0           ; Untyped                                               ;
; OPTIMIZE_FOR_SPEED     ; 5           ; Untyped                                               ;
; USE_CS_BUFFERS         ; 1           ; Untyped                                               ;
; CARRY_CHAIN            ; MANUAL      ; Untyped                                               ;
; CARRY_CHAIN_LENGTH     ; 48          ; CARRY_CHAIN_LENGTH                                    ;
; DEVICE_FAMILY          ; Cyclone II  ; Untyped                                               ;
; USE_WYS                ; OFF         ; Untyped                                               ;
; STYLE                  ; FAST        ; Untyped                                               ;
; CBXI_PARAMETER         ; add_sub_o1j ; Untyped                                               ;
; AUTO_CARRY_CHAINS      ; ON          ; AUTO_CARRY                                            ;
; IGNORE_CARRY_BUFFERS   ; OFF         ; IGNORE_CARRY                                          ;
; AUTO_CASCADE_CHAINS    ; ON          ; AUTO_CASCADE                                          ;
; IGNORE_CASCADE_BUFFERS ; OFF         ; IGNORE_CASCADE                                        ;
+------------------------+-------------+-------------------------------------------------------+
Note: In order to hide this table in the UI and the text report file, please set the "Show Parameter Settings Tables in Synthesis Report" option in "Analysis and Synthesis Settings -> More Settings" to "Off".


+-----------------------------------------------------------------------------------------------------+
; Parameter Settings for User Entity Instance: g19_Envelope:inst|mux3:Gate2|LPM_MUX:LPM_MUX_component ;
+------------------------+------------+---------------------------------------------------------------+
; Parameter Name         ; Value      ; Type                                                          ;
+------------------------+------------+---------------------------------------------------------------+
; AUTO_CARRY_CHAINS      ; ON         ; AUTO_CARRY                                                    ;
; IGNORE_CARRY_BUFFERS   ; OFF        ; IGNORE_CARRY                                                  ;
; AUTO_CASCADE_CHAINS    ; ON         ; AUTO_CASCADE                                                  ;
; IGNORE_CASCADE_BUFFERS ; OFF        ; IGNORE_CASCADE                                                ;
; LPM_WIDTH              ; 8          ; Signed Integer                                                ;
; LPM_SIZE               ; 2          ; Signed Integer                                                ;
; LPM_WIDTHS             ; 1          ; Signed Integer                                                ;
; LPM_PIPELINE           ; 0          ; Signed Integer                                                ;
; CBXI_PARAMETER         ; mux_73e    ; Untyped                                                       ;
; DEVICE_FAMILY          ; Cyclone II ; Untyped                                                       ;
+------------------------+------------+---------------------------------------------------------------+
Note: In order to hide this table in the UI and the text report file, please set the "Show Parameter Settings Tables in Synthesis Report" option in "Analysis and Synthesis Settings -> More Settings" to "Off".


+--------------------------------------------------------------------------------------------+
; Parameter Settings for User Entity Instance: g19_Envelope:inst|LPM_MULT:lpm_mult_component ;
+------------------------------------------------+------------+------------------------------+
; Parameter Name                                 ; Value      ; Type                         ;
+------------------------------------------------+------------+------------------------------+
; AUTO_CARRY_CHAINS                              ; ON         ; AUTO_CARRY                   ;
; IGNORE_CARRY_BUFFERS                           ; OFF        ; IGNORE_CARRY                 ;
; AUTO_CASCADE_CHAINS                            ; ON         ; AUTO_CASCADE                 ;
; IGNORE_CASCADE_BUFFERS                         ; OFF        ; IGNORE_CASCADE               ;
; LPM_WIDTHA                                     ; 8          ; Signed Integer               ;
; LPM_WIDTHB                                     ; 8          ; Signed Integer               ;
; LPM_WIDTHP                                     ; 24         ; Signed Integer               ;
; LPM_WIDTHR                                     ; 0          ; Untyped                      ;
; LPM_WIDTHS                                     ; 1          ; Signed Integer               ;
; LPM_REPRESENTATION                             ; UNSIGNED   ; Untyped                      ;
; LPM_PIPELINE                                   ; 0          ; Signed Integer               ;
; LATENCY                                        ; 0          ; Untyped                      ;
; INPUT_A_IS_CONSTANT                            ; NO         ; Untyped                      ;
; INPUT_B_IS_CONSTANT                            ; NO         ; Untyped                      ;
; USE_EAB                                        ; OFF        ; Untyped                      ;
; MAXIMIZE_SPEED                                 ; 5          ; Untyped                      ;
; DEVICE_FAMILY                                  ; Cyclone II ; Untyped                      ;
; CARRY_CHAIN                                    ; MANUAL     ; Untyped                      ;
; APEX20K_TECHNOLOGY_MAPPER                      ; LUT        ; TECH_MAPPER_APEX20K          ;
; DEDICATED_MULTIPLIER_CIRCUITRY                 ; AUTO       ; Untyped                      ;
; DEDICATED_MULTIPLIER_MIN_INPUT_WIDTH_FOR_AUTO  ; 0          ; Untyped                      ;
; DEDICATED_MULTIPLIER_MIN_OUTPUT_WIDTH_FOR_AUTO ; 0          ; Untyped                      ;
; CBXI_PARAMETER                                 ; mult_tqp   ; Untyped                      ;
; INPUT_A_FIXED_VALUE                            ; Bx         ; Untyped                      ;
; INPUT_B_FIXED_VALUE                            ; Bx         ; Untyped                      ;
; USE_AHDL_IMPLEMENTATION                        ; OFF        ; Untyped                      ;
+------------------------------------------------+------------+------------------------------+
Note: In order to hide this table in the UI and the text report file, please set the "Show Parameter Settings Tables in Synthesis Report" option in "Analysis and Synthesis Settings -> More Settings" to "Off".


+--------------------------------------------------------------------------------------------------+
; Parameter Settings for User Entity Instance: g19_Envelope:inst|LPM_ADD_SUB:LPM_ADD_SUB_component ;
+------------------------+-------------+-----------------------------------------------------------+
; Parameter Name         ; Value       ; Type                                                      ;
+------------------------+-------------+-----------------------------------------------------------+
; LPM_WIDTH              ; 24          ; Signed Integer                                            ;
; LPM_REPRESENTATION     ; UNSIGNED    ; Untyped                                                   ;
; LPM_DIRECTION          ; DEFAULT     ; Untyped                                                   ;
; ONE_INPUT_IS_CONSTANT  ; NO          ; Untyped                                                   ;
; LPM_PIPELINE           ; 0           ; Signed Integer                                            ;
; MAXIMIZE_SPEED         ; 5           ; Untyped                                                   ;
; REGISTERED_AT_END      ; 0           ; Untyped                                                   ;
; OPTIMIZE_FOR_SPEED     ; 5           ; Untyped                                                   ;
; USE_CS_BUFFERS         ; 1           ; Untyped                                                   ;
; CARRY_CHAIN            ; MANUAL      ; Untyped                                                   ;
; CARRY_CHAIN_LENGTH     ; 48          ; CARRY_CHAIN_LENGTH                                        ;
; DEVICE_FAMILY          ; Cyclone II  ; Untyped                                                   ;
; USE_WYS                ; OFF         ; Untyped                                                   ;
; STYLE                  ; FAST        ; Untyped                                                   ;
; CBXI_PARAMETER         ; add_sub_40i ; Untyped                                                   ;
; AUTO_CARRY_CHAINS      ; ON          ; AUTO_CARRY                                                ;
; IGNORE_CARRY_BUFFERS   ; OFF         ; IGNORE_CARRY                                              ;
; AUTO_CASCADE_CHAINS    ; ON          ; AUTO_CASCADE                                              ;
; IGNORE_CASCADE_BUFFERS ; OFF         ; IGNORE_CASCADE                                            ;
+------------------------+-------------+-----------------------------------------------------------+
Note: In order to hide this table in the UI and the text report file, please set the "Show Parameter Settings Tables in Synthesis Report" option in "Analysis and Synthesis Settings -> More Settings" to "Off".


+----------------------------------------------------------------------------------------+
; Parameter Settings for User Entity Instance: g19_Envelope:inst|LPM_FF:lpm_ff_component ;
+------------------------+------------+--------------------------------------------------+
; Parameter Name         ; Value      ; Type                                             ;
+------------------------+------------+--------------------------------------------------+
; LPM_WIDTH              ; 24         ; Signed Integer                                   ;
; LPM_AVALUE             ; UNUSED     ; Untyped                                          ;
; LPM_SVALUE             ; UNUSED     ; Untyped                                          ;
; LPM_FFTYPE             ; DFF        ; Untyped                                          ;
; DEVICE_FAMILY          ; Cyclone II ; Untyped                                          ;
; CBXI_PARAMETER         ; NOTHING    ; Untyped                                          ;
; AUTO_CARRY_CHAINS      ; ON         ; AUTO_CARRY                                       ;
; IGNORE_CARRY_BUFFERS   ; OFF        ; IGNORE_CARRY                                     ;
; AUTO_CASCADE_CHAINS    ; ON         ; AUTO_CASCADE                                     ;
; IGNORE_CASCADE_BUFFERS ; OFF        ; IGNORE_CASCADE                                   ;
+------------------------+------------+--------------------------------------------------+
Note: In order to hide this table in the UI and the text report file, please set the "Show Parameter Settings Tables in Synthesis Report" option in "Analysis and Synthesis Settings -> More Settings" to "Off".


+--------------------------------------------------------------------------------+
; Parameter Settings for User Entity Instance: g19_tempo:inst6|LPM_ROM:crc_table ;
+------------------------+--------------+----------------------------------------+
; Parameter Name         ; Value        ; Type                                   ;
+------------------------+--------------+----------------------------------------+
; LPM_WIDTH              ; 24           ; Signed Integer                         ;
; LPM_WIDTHAD            ; 8            ; Signed Integer                         ;
; LPM_NUMWORDS           ; 256          ; Signed Integer                         ;
; LPM_ADDRESS_CONTROL    ; REGISTERED   ; Untyped                                ;
; LPM_OUTDATA            ; UNREGISTERED ; Untyped                                ;
; LPM_FILE               ; g19_lab3.mif ; Untyped                                ;
; DEVICE_FAMILY          ; Cyclone II   ; Untyped                                ;
; AUTO_CARRY_CHAINS      ; ON           ; AUTO_CARRY                             ;
; IGNORE_CARRY_BUFFERS   ; OFF          ; IGNORE_CARRY                           ;
; AUTO_CASCADE_CHAINS    ; ON           ; AUTO_CASCADE                           ;
; IGNORE_CASCADE_BUFFERS ; OFF          ; IGNORE_CASCADE                         ;
+------------------------+--------------+----------------------------------------+
Note: In order to hide this table in the UI and the text report file, please set the "Show Parameter Settings Tables in Synthesis Report" option in "Analysis and Synthesis Settings -> More Settings" to "Off".


+-------------------------------------------------------------------------------------------------+
; Parameter Settings for User Entity Instance: g19_tempo:inst6|LPM_COUNTER:lpm_counter_component1 ;
+------------------------+-------------+----------------------------------------------------------+
; Parameter Name         ; Value       ; Type                                                     ;
+------------------------+-------------+----------------------------------------------------------+
; AUTO_CARRY_CHAINS      ; ON          ; AUTO_CARRY                                               ;
; IGNORE_CARRY_BUFFERS   ; OFF         ; IGNORE_CARRY                                             ;
; AUTO_CASCADE_CHAINS    ; ON          ; AUTO_CASCADE                                             ;
; IGNORE_CASCADE_BUFFERS ; OFF         ; IGNORE_CASCADE                                           ;
; LPM_WIDTH              ; 24          ; Signed Integer                                           ;
; LPM_DIRECTION          ; DOWN        ; Untyped                                                  ;
; LPM_MODULUS            ; 0           ; Signed Integer                                           ;
; LPM_AVALUE             ; UNUSED      ; Untyped                                                  ;
; LPM_SVALUE             ; UNUSED      ; Untyped                                                  ;
; LPM_PORT_UPDOWN        ; PORT_UNUSED ; Untyped                                                  ;
; DEVICE_FAMILY          ; Cyclone II  ; Untyped                                                  ;
; CARRY_CHAIN            ; MANUAL      ; Untyped                                                  ;
; CARRY_CHAIN_LENGTH     ; 48          ; CARRY_CHAIN_LENGTH                                       ;
; NOT_GATE_PUSH_BACK     ; ON          ; NOT_GATE_PUSH_BACK                                       ;
; CARRY_CNT_EN           ; SMART       ; Untyped                                                  ;
; LABWIDE_SCLR           ; ON          ; Untyped                                                  ;
; USE_NEW_VERSION        ; TRUE        ; Untyped                                                  ;
; CBXI_PARAMETER         ; cntr_akk    ; Untyped                                                  ;
+------------------------+-------------+----------------------------------------------------------+
Note: In order to hide this table in the UI and the text report file, please set the "Show Parameter Settings Tables in Synthesis Report" option in "Analysis and Synthesis Settings -> More Settings" to "Off".


+-------------------------------------------------------------------------------------------------+
; Parameter Settings for User Entity Instance: g19_tempo:inst6|LPM_COUNTER:lpm_counter_component2 ;
+------------------------+-------------+----------------------------------------------------------+
; Parameter Name         ; Value       ; Type                                                     ;
+------------------------+-------------+----------------------------------------------------------+
; AUTO_CARRY_CHAINS      ; ON          ; AUTO_CARRY                                               ;
; IGNORE_CARRY_BUFFERS   ; OFF         ; IGNORE_CARRY                                             ;
; AUTO_CASCADE_CHAINS    ; ON          ; AUTO_CASCADE                                             ;
; IGNORE_CASCADE_BUFFERS ; OFF         ; IGNORE_CASCADE                                           ;
; LPM_WIDTH              ; 4           ; Signed Integer                                           ;
; LPM_DIRECTION          ; DOWN        ; Untyped                                                  ;
; LPM_MODULUS            ; 0           ; Signed Integer                                           ;
; LPM_AVALUE             ; UNUSED      ; Untyped                                                  ;
; LPM_SVALUE             ; UNUSED      ; Untyped                                                  ;
; LPM_PORT_UPDOWN        ; PORT_UNUSED ; Untyped                                                  ;
; DEVICE_FAMILY          ; Cyclone II  ; Untyped                                                  ;
; CARRY_CHAIN            ; MANUAL      ; Untyped                                                  ;
; CARRY_CHAIN_LENGTH     ; 48          ; CARRY_CHAIN_LENGTH                                       ;
; NOT_GATE_PUSH_BACK     ; ON          ; NOT_GATE_PUSH_BACK                                       ;
; CARRY_CNT_EN           ; SMART       ; Untyped                                                  ;
; LABWIDE_SCLR           ; ON          ; Untyped                                                  ;
; USE_NEW_VERSION        ; TRUE        ; Untyped                                                  ;
; CBXI_PARAMETER         ; cntr_f7l    ; Untyped                                                  ;
+------------------------+-------------+----------------------------------------------------------+
Note: In order to hide this table in the UI and the text report file, please set the "Show Parameter Settings Tables in Synthesis Report" option in "Analysis and Synthesis Settings -> More Settings" to "Off".


+--------------------------------------------------------------------------------------+
; Parameter Settings for User Entity Instance: g19_tempo:inst6|LPM_FF:lpm_ff_component ;
+------------------------+------------+------------------------------------------------+
; Parameter Name         ; Value      ; Type                                           ;
+------------------------+------------+------------------------------------------------+
; LPM_WIDTH              ; 1          ; Signed Integer                                 ;
; LPM_AVALUE             ; UNUSED     ; Untyped                                        ;
; LPM_SVALUE             ; UNUSED     ; Untyped                                        ;
; LPM_FFTYPE             ; TFF        ; Untyped                                        ;
; DEVICE_FAMILY          ; Cyclone II ; Untyped                                        ;
; CBXI_PARAMETER         ; NOTHING    ; Untyped                                        ;
; AUTO_CARRY_CHAINS      ; ON         ; AUTO_CARRY                                     ;
; IGNORE_CARRY_BUFFERS   ; OFF        ; IGNORE_CARRY                                   ;
; AUTO_CASCADE_CHAINS    ; ON         ; AUTO_CASCADE                                   ;
; IGNORE_CASCADE_BUFFERS ; OFF        ; IGNORE_CASCADE                                 ;
+------------------------+------------+------------------------------------------------+
Note: In order to hide this table in the UI and the text report file, please set the "Show Parameter Settings Tables in Synthesis Report" option in "Analysis and Synthesis Settings -> More Settings" to "Off".


+---------------------------------------------------------------------------------------------------+
; Parameter Settings for User Entity Instance: lpm_constant0:01|lpm_constant:lpm_constant_component ;
+--------------------+------------------+-----------------------------------------------------------+
; Parameter Name     ; Value            ; Type                                                      ;
+--------------------+------------------+-----------------------------------------------------------+
; LPM_WIDTH          ; 8                ; Signed Integer                                            ;
; LPM_CVALUE         ; 120              ; Signed Integer                                            ;
; ENABLE_RUNTIME_MOD ; NO               ; Untyped                                                   ;
; CBXI_PARAMETER     ; lpm_constant_9g6 ; Untyped                                                   ;
+--------------------+------------------+-----------------------------------------------------------+
Note: In order to hide this table in the UI and the text report file, please set the "Show Parameter Settings Tables in Synthesis Report" option in "Analysis and Synthesis Settings -> More Settings" to "Off".


+---------------------------------------------------------------------------------------+
; lpm_mult Parameter Settings by Entity Instance                                        ;
+---------------------------------------+-----------------------------------------------+
; Name                                  ; Value                                         ;
+---------------------------------------+-----------------------------------------------+
; Number of entity instances            ; 1                                             ;
; Entity Instance                       ; g19_Envelope:inst|LPM_MULT:lpm_mult_component ;
;     -- LPM_WIDTHA                     ; 8                                             ;
;     -- LPM_WIDTHB                     ; 8                                             ;
;     -- LPM_WIDTHP                     ; 24                                            ;
;     -- LPM_REPRESENTATION             ; UNSIGNED                                      ;
;     -- INPUT_A_IS_CONSTANT            ; NO                                            ;
;     -- INPUT_B_IS_CONSTANT            ; NO                                            ;
;     -- USE_EAB                        ; OFF                                           ;
;     -- DEDICATED_MULTIPLIER_CIRCUITRY ; AUTO                                          ;
;     -- INPUT_A_FIXED_VALUE            ; Bx                                            ;
;     -- INPUT_B_FIXED_VALUE            ; Bx                                            ;
+---------------------------------------+-----------------------------------------------+


+-------------------------------+
; Analysis & Synthesis Messages ;
+-------------------------------+
Info: *******************************************************************
Info: Running Quartus II 64-Bit Analysis & Synthesis
    Info: Version 9.1 Build 350 03/24/2010 Service Pack 2 SJ Full Version
    Info: Processing started: Fri Nov 15 13:16:18 2013
Info: Command: quartus_map --read_settings_files=on --write_settings_files=off g19_lab4 -c g19_lab4
Info: Parallel compilation is enabled and will use 4 of the 4 processors detected
Info: Found 2 design units, including 1 entities, in source file g19_square_wave.vhd
    Info: Found design unit 1: g19_square_wave-g19_behavior
    Info: Found entity 1: g19_square_wave
Info: Found 2 design units, including 1 entities, in source file tflipflop.vhd
    Info: Found design unit 1: tflipflop-SYN
    Info: Found entity 1: TFlipFlop
Info: Found 2 design units, including 1 entities, in source file g19_audio_interface.vhd
    Info: Found design unit 1: g19_audio_interface-a
    Info: Found entity 1: g19_audio_interface
Info: Found 2 design units, including 1 entities, in source file g19_decimator.vhd
    Info: Found design unit 1: g19_decimator-a
    Info: Found entity 1: g19_decimator
Info: Found 2 design units, including 1 entities, in source file addition.vhd
    Info: Found design unit 1: addition-SYN
    Info: Found entity 1: addition
Info: Found 1 design units, including 1 entities, in source file g19_square_wave_generator1.bdf
    Info: Found entity 1: g19_square_wave_generator1
Info: Found 2 design units, including 1 entities, in source file g19_note_timer.vhd
    Info: Found design unit 1: g19_note_timer-g19_timer
    Info: Found entity 1: g19_note_timer
Info: Found 2 design units, including 1 entities, in source file g19_tempo.vhd
    Info: Found design unit 1: g19_tempo-g19_piano
    Info: Found entity 1: g19_tempo
Info: Found 1 design units, including 1 entities, in source file timmer.bdf
    Info: Found entity 1: timmer
Info: Found 2 design units, including 1 entities, in source file g19_envelope.vhd
    Info: Found design unit 1: g19_Envelope-part2
    Info: Found entity 1: g19_Envelope
Info: Found 2 design units, including 1 entities, in source file mux3.vhd
    Info: Found design unit 1: mux3-SYN
    Info: Found entity 1: mux3
Info: Found 2 design units, including 1 entities, in source file compares.vhd
    Info: Found design unit 1: compares-compare_19
    Info: Found entity 1: compares
Info: Found 1 design units, including 1 entities, in source file envelope.bdf
    Info: Found entity 1: envelope
Info: Found 2 design units, including 1 entities, in source file lpm_constant0.vhd
    Info: Found design unit 1: lpm_constant0-SYN
    Info: Found entity 1: lpm_constant0
Info: Elaborating entity "timmer" for the top level hierarchy
Info: Elaborating entity "compares" for hierarchy "compares:inst4"
Info: Elaborating entity "g19_Envelope" for hierarchy "g19_Envelope:inst"
Info: Elaborating entity "LPM_COUNTER" for hierarchy "g19_Envelope:inst|LPM_COUNTER:lpm_counter_component"
Info: Elaborated megafunction instantiation "g19_Envelope:inst|LPM_COUNTER:lpm_counter_component"
Info: Instantiated megafunction "g19_Envelope:inst|LPM_COUNTER:lpm_counter_component" with the following parameter:
    Info: Parameter "LPM_WIDTH" = "11"
    Info: Parameter "LPM_MODULUS" = "0"
    Info: Parameter "LPM_DIRECTION" = "DOWN"
    Info: Parameter "LPM_AVALUE" = "UNUSED"
    Info: Parameter "LPM_SVALUE" = "UNUSED"
    Info: Parameter "LPM_PORT_UPDOWN" = "PORT_UNUSED"
    Info: Parameter "LPM_PVALUE" = "UNUSED"
    Info: Parameter "LPM_TYPE" = "LPM_COUNTER"
    Info: Parameter "LPM_HINT" = "UNUSED"
Info: Found 1 design units, including 1 entities, in source file db/cntr_6kk.tdf
    Info: Found entity 1: cntr_6kk
Info: Elaborating entity "cntr_6kk" for hierarchy "g19_Envelope:inst|LPM_COUNTER:lpm_counter_component|cntr_6kk:auto_generated"
Info: Elaborating entity "mux3" for hierarchy "g19_Envelope:inst|mux3:Gate1"
Info: Elaborating entity "LPM_MUX" for hierarchy "g19_Envelope:inst|mux3:Gate1|LPM_MUX:LPM_MUX_component"
Info: Elaborated megafunction instantiation "g19_Envelope:inst|mux3:Gate1|LPM_MUX:LPM_MUX_component"
Info: Instantiated megafunction "g19_Envelope:inst|mux3:Gate1|LPM_MUX:LPM_MUX_component" with the following parameter:
    Info: Parameter "LPM_WIDTH" = "8"
    Info: Parameter "LPM_SIZE" = "2"
    Info: Parameter "LPM_WIDTHS" = "1"
    Info: Parameter "LPM_PIPELINE" = "0"
    Info: Parameter "LPM_TYPE" = "LPM_MUX"
    Info: Parameter "LPM_HINT" = "UNUSED"
Info: Found 1 design units, including 1 entities, in source file db/mux_73e.tdf
    Info: Found entity 1: mux_73e
Info: Elaborating entity "mux_73e" for hierarchy "g19_Envelope:inst|mux3:Gate1|LPM_MUX:LPM_MUX_component|mux_73e:auto_generated"
Info: Elaborating entity "LPM_ADD_SUB" for hierarchy "g19_Envelope:inst|LPM_ADD_SUB:LPM_SUB_component"
Info: Elaborated megafunction instantiation "g19_Envelope:inst|LPM_ADD_SUB:LPM_SUB_component"
Info: Instantiated megafunction "g19_Envelope:inst|LPM_ADD_SUB:LPM_SUB_component" with the following parameter:
    Info: Parameter "LPM_WIDTH" = "8"
    Info: Parameter "LPM_DIRECTION" = "SUB"
    Info: Parameter "LPM_REPRESENTATION" = "UNSIGNED"
    Info: Parameter "LPM_PIPELINE" = "0"
    Info: Parameter "LPM_TYPE" = "LPM_ADD_SUB"
    Info: Parameter "LPM_HINT" = "ONE_INPUT_IS_CONSTANT=NO,CIN_USED=NO"
Info: Found 1 design units, including 1 entities, in source file db/add_sub_o1j.tdf
    Info: Found entity 1: add_sub_o1j
Info: Elaborating entity "add_sub_o1j" for hierarchy "g19_Envelope:inst|LPM_ADD_SUB:LPM_SUB_component|add_sub_o1j:auto_generated"
Info: Elaborating entity "LPM_MULT" for hierarchy "g19_Envelope:inst|LPM_MULT:lpm_mult_component"
Info: Elaborated megafunction instantiation "g19_Envelope:inst|LPM_MULT:lpm_mult_component"
Info: Instantiated megafunction "g19_Envelope:inst|LPM_MULT:lpm_mult_component" with the following parameter:
    Info: Parameter "LPM_WIDTHA" = "8"
    Info: Parameter "LPM_WIDTHB" = "8"
    Info: Parameter "LPM_WIDTHS" = "1"
    Info: Parameter "LPM_WIDTHP" = "24"
    Info: Parameter "LPM_REPRESENTATION" = "UNSIGNED"
    Info: Parameter "LPM_PIPELINE" = "0"
    Info: Parameter "LPM_TYPE" = "LPM_MULT"
    Info: Parameter "LPM_HINT" = "MAXIMIZE_SPEED=5"
Info: Found 1 design units, including 1 entities, in source file db/mult_tqp.tdf
    Info: Found entity 1: mult_tqp
Info: Elaborating entity "mult_tqp" for hierarchy "g19_Envelope:inst|LPM_MULT:lpm_mult_component|mult_tqp:auto_generated"
Info: Elaborating entity "LPM_ADD_SUB" for hierarchy "g19_Envelope:inst|LPM_ADD_SUB:LPM_ADD_SUB_component"
Info: Elaborated megafunction instantiation "g19_Envelope:inst|LPM_ADD_SUB:LPM_ADD_SUB_component"
Info: Instantiated megafunction "g19_Envelope:inst|LPM_ADD_SUB:LPM_ADD_SUB_component" with the following parameter:
    Info: Parameter "LPM_WIDTH" = "24"
    Info: Parameter "LPM_DIRECTION" = "UNUSED"
    Info: Parameter "LPM_REPRESENTATION" = "UNSIGNED"
    Info: Parameter "LPM_PIPELINE" = "0"
    Info: Parameter "LPM_TYPE" = "LPM_ADD_SUB"
    Info: Parameter "LPM_HINT" = "ONE_INPUT_IS_CONSTANT=NO,CIN_USED=NO"
Info: Found 1 design units, including 1 entities, in source file db/add_sub_40i.tdf
    Info: Found entity 1: add_sub_40i
Info: Elaborating entity "add_sub_40i" for hierarchy "g19_Envelope:inst|LPM_ADD_SUB:LPM_ADD_SUB_component|add_sub_40i:auto_generated"
Info: Elaborating entity "LPM_FF" for hierarchy "g19_Envelope:inst|LPM_FF:lpm_ff_component"
Info: Elaborated megafunction instantiation "g19_Envelope:inst|LPM_FF:lpm_ff_component"
Info: Instantiated megafunction "g19_Envelope:inst|LPM_FF:lpm_ff_component" with the following parameter:
    Info: Parameter "LPM_WIDTH" = "24"
    Info: Parameter "LPM_AVALUE" = "UNUSED"
    Info: Parameter "LPM_SVALUE" = "UNUSED"
    Info: Parameter "LPM_PVALUE" = "UNUSED"
    Info: Parameter "LPM_FFTYPE" = "DFF"
    Info: Parameter "LPM_TYPE" = "LPM_FF"
    Info: Parameter "LPM_HINT" = "UNUSED"
Info: Elaborating entity "g19_note_timer" for hierarchy "g19_note_timer:inst1"
Info (10041): Inferred latch for "count[0]" at g19_note_timer.vhd(27)
Info (10041): Inferred latch for "count[1]" at g19_note_timer.vhd(27)
Info (10041): Inferred latch for "count[2]" at g19_note_timer.vhd(27)
Info (10041): Inferred latch for "count[3]" at g19_note_timer.vhd(27)
Info (10041): Inferred latch for "count[4]" at g19_note_timer.vhd(27)
Info (10041): Inferred latch for "count[5]" at g19_note_timer.vhd(27)
Info (10041): Inferred latch for "count[6]" at g19_note_timer.vhd(27)
Info (10041): Inferred latch for "count[7]" at g19_note_timer.vhd(27)
Info (10041): Inferred latch for "count[8]" at g19_note_timer.vhd(27)
Info (10041): Inferred latch for "count[9]" at g19_note_timer.vhd(27)
Info (10041): Inferred latch for "count[10]" at g19_note_timer.vhd(27)
Info (10041): Inferred latch for "count[11]" at g19_note_timer.vhd(27)
Info (10041): Inferred latch for "count[12]" at g19_note_timer.vhd(27)
Info (10041): Inferred latch for "count[13]" at g19_note_timer.vhd(27)
Info (10041): Inferred latch for "count[14]" at g19_note_timer.vhd(27)
Info (10041): Inferred latch for "count[15]" at g19_note_timer.vhd(27)
Info (10041): Inferred latch for "count[16]" at g19_note_timer.vhd(27)
Info (10041): Inferred latch for "count[17]" at g19_note_timer.vhd(27)
Info (10041): Inferred latch for "count[18]" at g19_note_timer.vhd(27)
Info (10041): Inferred latch for "count[19]" at g19_note_timer.vhd(27)
Info (10041): Inferred latch for "count[20]" at g19_note_timer.vhd(27)
Info (10041): Inferred latch for "count[21]" at g19_note_timer.vhd(27)
Info (10041): Inferred latch for "count[22]" at g19_note_timer.vhd(27)
Info (10041): Inferred latch for "count[23]" at g19_note_timer.vhd(27)
Info (10041): Inferred latch for "count[24]" at g19_note_timer.vhd(27)
Info (10041): Inferred latch for "count[25]" at g19_note_timer.vhd(27)
Info (10041): Inferred latch for "count[26]" at g19_note_timer.vhd(27)
Info (10041): Inferred latch for "count[27]" at g19_note_timer.vhd(27)
Info (10041): Inferred latch for "count[28]" at g19_note_timer.vhd(27)
Info (10041): Inferred latch for "count[29]" at g19_note_timer.vhd(27)
Info (10041): Inferred latch for "count[30]" at g19_note_timer.vhd(27)
Info (10041): Inferred latch for "count[31]" at g19_note_timer.vhd(27)
Info: Elaborating entity "g19_tempo" for hierarchy "g19_tempo:inst6"
Info: Elaborating entity "LPM_ROM" for hierarchy "g19_tempo:inst6|LPM_ROM:crc_table"
Info: Elaborated megafunction instantiation "g19_tempo:inst6|LPM_ROM:crc_table"
Info: Instantiated megafunction "g19_tempo:inst6|LPM_ROM:crc_table" with the following parameter:
    Info: Parameter "LPM_WIDTH" = "24"
    Info: Parameter "LPM_WIDTHAD" = "8"
    Info: Parameter "LPM_NUMWORDS" = "256"
    Info: Parameter "LPM_ADDRESS_CONTROL" = "REGISTERED"
    Info: Parameter "LPM_OUTDATA" = "UNREGISTERED"
    Info: Parameter "LPM_FILE" = "g19_lab3.mif"
    Info: Parameter "LPM_TYPE" = "LPM_ROM"
    Info: Parameter "INTENDED_DEVICE_FAMILY" = "UNUSED"
    Info: Parameter "LPM_HINT" = "UNUSED"
Info: Elaborating entity "altrom" for hierarchy "g19_tempo:inst6|LPM_ROM:crc_table|altrom:srom"
Info: Elaborated megafunction instantiation "g19_tempo:inst6|LPM_ROM:crc_table|altrom:srom", which is child of megafunction instantiation "g19_tempo:inst6|LPM_ROM:crc_table"
Info: Elaborating entity "altsyncram" for hierarchy "g19_tempo:inst6|LPM_ROM:crc_table|altrom:srom|altsyncram:rom_block"
Info: Elaborated megafunction instantiation "g19_tempo:inst6|LPM_ROM:crc_table|altrom:srom|altsyncram:rom_block", which is child of megafunction instantiation "g19_tempo:inst6|LPM_ROM:crc_table"
Info: Found 1 design units, including 1 entities, in source file db/altsyncram_u501.tdf
    Info: Found entity 1: altsyncram_u501
Info: Elaborating entity "altsyncram_u501" for hierarchy "g19_tempo:inst6|LPM_ROM:crc_table|altrom:srom|altsyncram:rom_block|altsyncram_u501:auto_generated"
Info: Elaborating entity "LPM_COUNTER" for hierarchy "g19_tempo:inst6|LPM_COUNTER:lpm_counter_component1"
Info: Elaborated megafunction instantiation "g19_tempo:inst6|LPM_COUNTER:lpm_counter_component1"
Info: Instantiated megafunction "g19_tempo:inst6|LPM_COUNTER:lpm_counter_component1" with the following parameter:
    Info: Parameter "LPM_WIDTH" = "24"
    Info: Parameter "LPM_MODULUS" = "0"
    Info: Parameter "LPM_DIRECTION" = "DOWN"
    Info: Parameter "LPM_AVALUE" = "UNUSED"
    Info: Parameter "LPM_SVALUE" = "UNUSED"
    Info: Parameter "LPM_PORT_UPDOWN" = "PORT_UNUSED"
    Info: Parameter "LPM_PVALUE" = "UNUSED"
    Info: Parameter "LPM_TYPE" = "LPM_COUNTER"
    Info: Parameter "LPM_HINT" = "UNUSED"
Info: Found 1 design units, including 1 entities, in source file db/cntr_akk.tdf
    Info: Found entity 1: cntr_akk
Info: Elaborating entity "cntr_akk" for hierarchy "g19_tempo:inst6|LPM_COUNTER:lpm_counter_component1|cntr_akk:auto_generated"
Info: Elaborating entity "LPM_COUNTER" for hierarchy "g19_tempo:inst6|LPM_COUNTER:lpm_counter_component2"
Info: Elaborated megafunction instantiation "g19_tempo:inst6|LPM_COUNTER:lpm_counter_component2"
Info: Instantiated megafunction "g19_tempo:inst6|LPM_COUNTER:lpm_counter_component2" with the following parameter:
    Info: Parameter "LPM_WIDTH" = "4"
    Info: Parameter "LPM_MODULUS" = "0"
    Info: Parameter "LPM_DIRECTION" = "DOWN"
    Info: Parameter "LPM_AVALUE" = "UNUSED"
    Info: Parameter "LPM_SVALUE" = "UNUSED"
    Info: Parameter "LPM_PORT_UPDOWN" = "PORT_UNUSED"
    Info: Parameter "LPM_PVALUE" = "UNUSED"
    Info: Parameter "LPM_TYPE" = "LPM_COUNTER"
    Info: Parameter "LPM_HINT" = "UNUSED"
Info: Found 1 design units, including 1 entities, in source file db/cntr_f7l.tdf
    Info: Found entity 1: cntr_f7l
Info: Elaborating entity "cntr_f7l" for hierarchy "g19_tempo:inst6|LPM_COUNTER:lpm_counter_component2|cntr_f7l:auto_generated"
Info: Elaborating entity "LPM_FF" for hierarchy "g19_tempo:inst6|LPM_FF:lpm_ff_component"
Info: Elaborated megafunction instantiation "g19_tempo:inst6|LPM_FF:lpm_ff_component"
Info: Instantiated megafunction "g19_tempo:inst6|LPM_FF:lpm_ff_component" with the following parameter:
    Info: Parameter "LPM_WIDTH" = "1"
    Info: Parameter "LPM_AVALUE" = "UNUSED"
    Info: Parameter "LPM_SVALUE" = "UNUSED"
    Info: Parameter "LPM_PVALUE" = "UNUSED"
    Info: Parameter "LPM_FFTYPE" = "TFF"
    Info: Parameter "LPM_TYPE" = "LPM_FF"
    Info: Parameter "LPM_HINT" = "UNUSED"
Info: Elaborating entity "lpm_constant0" for hierarchy "lpm_constant0:01"
Info: Elaborating entity "lpm_constant" for hierarchy "lpm_constant0:01|lpm_constant:lpm_constant_component"
Info: Elaborated megafunction instantiation "lpm_constant0:01|lpm_constant:lpm_constant_component"
Info: Instantiated megafunction "lpm_constant0:01|lpm_constant:lpm_constant_component" with the following parameter:
    Info: Parameter "lpm_cvalue" = "120"
    Info: Parameter "lpm_hint" = "ENABLE_RUNTIME_MOD=NO"
    Info: Parameter "lpm_type" = "LPM_CONSTANT"
    Info: Parameter "lpm_width" = "8"
Warning: Tri-state node(s) do not directly drive top-level pin(s)
    Warning: Converted tri-state buffer "g19_tempo:inst6|lpm_rom:crc_table|otri[23]" feeding internal logic into a wire
    Warning: Converted tri-state buffer "g19_tempo:inst6|lpm_rom:crc_table|otri[22]" feeding internal logic into a wire
    Warning: Converted tri-state buffer "g19_tempo:inst6|lpm_rom:crc_table|otri[21]" feeding internal logic into a wire
    Warning: Converted tri-state buffer "g19_tempo:inst6|lpm_rom:crc_table|otri[20]" feeding internal logic into a wire
    Warning: Converted tri-state buffer "g19_tempo:inst6|lpm_rom:crc_table|otri[19]" feeding internal logic into a wire
    Warning: Converted tri-state buffer "g19_tempo:inst6|lpm_rom:crc_table|otri[18]" feeding internal logic into a wire
    Warning: Converted tri-state buffer "g19_tempo:inst6|lpm_rom:crc_table|otri[17]" feeding internal logic into a wire
    Warning: Converted tri-state buffer "g19_tempo:inst6|lpm_rom:crc_table|otri[16]" feeding internal logic into a wire
    Warning: Converted tri-state buffer "g19_tempo:inst6|lpm_rom:crc_table|otri[15]" feeding internal logic into a wire
    Warning: Converted tri-state buffer "g19_tempo:inst6|lpm_rom:crc_table|otri[14]" feeding internal logic into a wire
    Warning: Converted tri-state buffer "g19_tempo:inst6|lpm_rom:crc_table|otri[13]" feeding internal logic into a wire
    Warning: Converted tri-state buffer "g19_tempo:inst6|lpm_rom:crc_table|otri[12]" feeding internal logic into a wire
    Warning: Converted tri-state buffer "g19_tempo:inst6|lpm_rom:crc_table|otri[11]" feeding internal logic into a wire
    Warning: Converted tri-state buffer "g19_tempo:inst6|lpm_rom:crc_table|otri[10]" feeding internal logic into a wire
    Warning: Converted tri-state buffer "g19_tempo:inst6|lpm_rom:crc_table|otri[9]" feeding internal logic into a wire
    Warning: Converted tri-state buffer "g19_tempo:inst6|lpm_rom:crc_table|otri[8]" feeding internal logic into a wire
    Warning: Converted tri-state buffer "g19_tempo:inst6|lpm_rom:crc_table|otri[7]" feeding internal logic into a wire
    Warning: Converted tri-state buffer "g19_tempo:inst6|lpm_rom:crc_table|otri[6]" feeding internal logic into a wire
    Warning: Converted tri-state buffer "g19_tempo:inst6|lpm_rom:crc_table|otri[5]" feeding internal logic into a wire
    Warning: Converted tri-state buffer "g19_tempo:inst6|lpm_rom:crc_table|otri[4]" feeding internal logic into a wire
    Warning: Converted tri-state buffer "g19_tempo:inst6|lpm_rom:crc_table|otri[3]" feeding internal logic into a wire
    Warning: Converted tri-state buffer "g19_tempo:inst6|lpm_rom:crc_table|otri[2]" feeding internal logic into a wire
    Warning: Converted tri-state buffer "g19_tempo:inst6|lpm_rom:crc_table|otri[1]" feeding internal logic into a wire
    Warning: Converted tri-state buffer "g19_tempo:inst6|lpm_rom:crc_table|otri[0]" feeding internal logic into a wire
Info: Registers with preset signals will power-up high
Info: DEV_CLRn pin will set, and not reset, register with preset signal due to NOT Gate Push-Back
Info: 4 registers lost all their fanouts during netlist optimizations. The first 4 are displayed below.
    Info: Register "g19_tempo:inst6|lpm_counter:lpm_counter_component2|cntr_f7l:auto_generated|safe_q[3]" lost all its fanouts during netlist optimizations.
    Info: Register "g19_tempo:inst6|lpm_counter:lpm_counter_component2|cntr_f7l:auto_generated|safe_q[2]" lost all its fanouts during netlist optimizations.
    Info: Register "g19_tempo:inst6|lpm_counter:lpm_counter_component2|cntr_f7l:auto_generated|safe_q[1]" lost all its fanouts during netlist optimizations.
    Info: Register "g19_tempo:inst6|lpm_counter:lpm_counter_component2|cntr_f7l:auto_generated|safe_q[0]" lost all its fanouts during netlist optimizations.
Info: Removed 7 MSB VCC or GND address nodes from RAM block "g19_tempo:inst6|lpm_rom:crc_table|altrom:srom|altsyncram:rom_block|altsyncram_u501:auto_generated|ALTSYNCRAM"
Info: Implemented 268 device resources after synthesis - the final resource count might be different
    Info: Implemented 6 input pins
    Info: Implemented 10 output pins
    Info: Implemented 227 logic cells
    Info: Implemented 24 RAM segments
    Info: Implemented 1 DSP elements
Info: Quartus II 64-Bit Analysis & Synthesis was successful. 0 errors, 25 warnings
    Info: Peak virtual memory: 333 megabytes
    Info: Processing ended: Fri Nov 15 13:16:21 2013
    Info: Elapsed time: 00:00:03
    Info: Total CPU time (on all processors): 00:00:03


