Flow report for g19_lab3
Fri Nov 08 22:50:31 2013
Quartus II 64-Bit Version 13.0.1 Build 232 06/12/2013 Service Pack 1 SJ Web Edition


---------------------
; Table of Contents ;
---------------------
  1. Legal Notice
  2. Flow Summary
  3. Flow Settings
  4. Flow Non-Default Global Settings
  5. Flow Elapsed Time
  6. Flow OS Summary
  7. Flow Log
  8. Flow Messages
  9. Flow Suppressed Messages



----------------
; Legal Notice ;
----------------
Copyright (C) 1991-2013 Altera Corporation
Your use of Altera Corporation's design tools, logic functions 
and other software and tools, and its AMPP partner logic 
functions, and any output files from any of the foregoing 
(including device programming or simulation files), and any 
associated documentation or information are expressly subject 
to the terms and conditions of the Altera Program License 
Subscription Agreement, Altera MegaCore Function License 
Agreement, or other applicable license agreement, including, 
without limitation, that your use is for the sole purpose of 
programming logic devices manufactured by Altera and sold by 
Altera or its authorized distributors.  Please refer to the 
applicable agreement for further details.



+--------------------------------------------------------------------------------------+
; Flow Summary                                                                         ;
+------------------------------------+-------------------------------------------------+
; Flow Status                        ; Successful - Fri Nov 08 22:50:31 2013           ;
; Quartus II 64-Bit Version          ; 13.0.1 Build 232 06/12/2013 SP 1 SJ Web Edition ;
; Revision Name                      ; g19_lab3                                        ;
; Top-level Entity Name              ; g19_Envelope                                    ;
; Family                             ; Cyclone II                                      ;
; Device                             ; EP2C20F484C7                                    ;
; Timing Models                      ; Final                                           ;
; Total logic elements               ; 603 / 18,752 ( 3 % )                            ;
;     Total combinational functions  ; 424 / 18,752 ( 2 % )                            ;
;     Dedicated logic registers      ; 439 / 18,752 ( 2 % )                            ;
; Total registers                    ; 439                                             ;
; Total pins                         ; 27 / 315 ( 9 % )                                ;
; Total virtual pins                 ; 0                                               ;
; Total memory bits                  ; 1,152 / 239,616 ( < 1 % )                       ;
; Embedded Multiplier 9-bit elements ; 1 / 52 ( 2 % )                                  ;
; Total PLLs                         ; 0 / 4 ( 0 % )                                   ;
+------------------------------------+-------------------------------------------------+


+-----------------------------------------+
; Flow Settings                           ;
+-------------------+---------------------+
; Option            ; Setting             ;
+-------------------+---------------------+
; Start date & time ; 11/08/2013 22:49:54 ;
; Main task         ; Compilation         ;
; Revision Name     ; g19_lab3            ;
+-------------------+---------------------+


+-------------------------------------------------------------------------------------------------------------------------------------------------------------+
; Flow Non-Default Global Settings                                                                                                                            ;
+-------------------------------------+---------------------------------------------------------------------+---------------+--------------+------------------+
; Assignment Name                     ; Value                                                               ; Default Value ; Entity Name  ; Section Id       ;
+-------------------------------------+---------------------------------------------------------------------+---------------+--------------+------------------+
; COMPILER_SIGNATURE_ID               ; 220964049050497.138396899404272                                     ; --            ; --           ; --               ;
; EDA_GENERATE_FUNCTIONAL_NETLIST     ; Off                                                                 ; --            ; --           ; eda_simulation   ;
; EDA_OUTPUT_DATA_FORMAT              ; Verilog Hdl                                                         ; --            ; --           ; eda_simulation   ;
; EDA_SIMULATION_TOOL                 ; ModelSim-Altera (Verilog)                                           ; <None>        ; --           ; --               ;
; EDA_TIME_SCALE                      ; 1 ps                                                                ; --            ; --           ; eda_simulation   ;
; ENABLE_SIGNALTAP                    ; On                                                                  ; --            ; --           ; --               ;
; IP_TOOL_NAME                        ; LPM_COUNTER                                                         ; --            ; --           ; --               ;
; IP_TOOL_NAME                        ; LPM_FF                                                              ; --            ; --           ; --               ;
; IP_TOOL_NAME                        ; LPM_COUNTER                                                         ; --            ; --           ; --               ;
; IP_TOOL_NAME                        ; LPM_MUX                                                             ; --            ; --           ; --               ;
; IP_TOOL_NAME                        ; LPM_MULT                                                            ; --            ; --           ; --               ;
; IP_TOOL_NAME                        ; LPM_COUNTER                                                         ; --            ; --           ; --               ;
; IP_TOOL_NAME                        ; LPM_FF                                                              ; --            ; --           ; --               ;
; IP_TOOL_NAME                        ; LPM_FF                                                              ; --            ; --           ; --               ;
; IP_TOOL_NAME                        ; LPM_ADD_SUB                                                         ; --            ; --           ; --               ;
; IP_TOOL_NAME                        ; LPM_ADD_SUB                                                         ; --            ; --           ; --               ;
; IP_TOOL_NAME                        ; LPM_ADD_SUB                                                         ; --            ; --           ; --               ;
; IP_TOOL_NAME                        ; LPM_FF                                                              ; --            ; --           ; --               ;
; IP_TOOL_NAME                        ; LPM_COMPARE                                                         ; --            ; --           ; --               ;
; IP_TOOL_NAME                        ; LPM_MUX                                                             ; --            ; --           ; --               ;
; IP_TOOL_NAME                        ; LPM_ADD_SUB                                                         ; --            ; --           ; --               ;
; IP_TOOL_NAME                        ; LPM_MULT                                                            ; --            ; --           ; --               ;
; IP_TOOL_NAME                        ; LPM_ADD_SUB                                                         ; --            ; --           ; --               ;
; IP_TOOL_VERSION                     ; 9.1                                                                 ; --            ; --           ; --               ;
; IP_TOOL_VERSION                     ; 9.1                                                                 ; --            ; --           ; --               ;
; IP_TOOL_VERSION                     ; 9.1                                                                 ; --            ; --           ; --               ;
; IP_TOOL_VERSION                     ; 13.0                                                                ; --            ; --           ; --               ;
; IP_TOOL_VERSION                     ; 9.1                                                                 ; --            ; --           ; --               ;
; IP_TOOL_VERSION                     ; 9.1                                                                 ; --            ; --           ; --               ;
; IP_TOOL_VERSION                     ; 9.1                                                                 ; --            ; --           ; --               ;
; IP_TOOL_VERSION                     ; 9.1                                                                 ; --            ; --           ; --               ;
; IP_TOOL_VERSION                     ; 9.1                                                                 ; --            ; --           ; --               ;
; IP_TOOL_VERSION                     ; 9.1                                                                 ; --            ; --           ; --               ;
; IP_TOOL_VERSION                     ; 9.1                                                                 ; --            ; --           ; --               ;
; IP_TOOL_VERSION                     ; 9.1                                                                 ; --            ; --           ; --               ;
; IP_TOOL_VERSION                     ; 9.1                                                                 ; --            ; --           ; --               ;
; IP_TOOL_VERSION                     ; 13.0                                                                ; --            ; --           ; --               ;
; IP_TOOL_VERSION                     ; 13.0                                                                ; --            ; --           ; --               ;
; IP_TOOL_VERSION                     ; 13.0                                                                ; --            ; --           ; --               ;
; IP_TOOL_VERSION                     ; 13.0                                                                ; --            ; --           ; --               ;
; MAX_CORE_JUNCTION_TEMP              ; 85                                                                  ; --            ; --           ; --               ;
; MIN_CORE_JUNCTION_TEMP              ; 0                                                                   ; --            ; --           ; --               ;
; MISC_FILE                           ; g19_counter.cmp                                                     ; --            ; --           ; --               ;
; MISC_FILE                           ; g19_FF.cmp                                                          ; --            ; --           ; --               ;
; MISC_FILE                           ; g19_12modulo.cmp                                                    ; --            ; --           ; --               ;
; MISC_FILE                           ; mux1.cmp                                                            ; --            ; --           ; --               ;
; MISC_FILE                           ; mult.cmp                                                            ; --            ; --           ; --               ;
; MISC_FILE                           ; counter2.cmp                                                        ; --            ; --           ; --               ;
; MISC_FILE                           ; TTFpart2.cmp                                                        ; --            ; --           ; --               ;
; MISC_FILE                           ; DFF1.cmp                                                            ; --            ; --           ; --               ;
; MISC_FILE                           ; add_sub.cmp                                                         ; --            ; --           ; --               ;
; MISC_FILE                           ; addsub.cmp                                                          ; --            ; --           ; --               ;
; MISC_FILE                           ; add.cmp                                                             ; --            ; --           ; --               ;
; MISC_FILE                           ; tffreg.cmp                                                          ; --            ; --           ; --               ;
; MISC_FILE                           ; compare.cmp                                                         ; --            ; --           ; --               ;
; MISC_FILE                           ; mux3.cmp                                                            ; --            ; --           ; --               ;
; MISC_FILE                           ; final_sub.cmp                                                       ; --            ; --           ; --               ;
; MISC_FILE                           ; final_mult.cmp                                                      ; --            ; --           ; --               ;
; MISC_FILE                           ; finaladd.cmp                                                        ; --            ; --           ; --               ;
; PARTITION_COLOR                     ; 16764057                                                            ; --            ; g19_Envelope ; Top              ;
; PARTITION_FITTER_PRESERVATION_LEVEL ; PLACEMENT_AND_ROUTING                                               ; --            ; g19_Envelope ; Top              ;
; PARTITION_NETLIST_TYPE              ; SOURCE                                                              ; --            ; g19_Envelope ; Top              ;
; POWER_BOARD_THERMAL_MODEL           ; None (CONSERVATIVE)                                                 ; --            ; --           ; --               ;
; POWER_PRESET_COOLING_SOLUTION       ; 23 MM HEAT SINK WITH 200 LFPM AIRFLOW                               ; --            ; --           ; --               ;
; SLD_FILE                            ; C:/Users/Jeffrey/Documents/Lab 3/stp1_auto_stripped.stp             ; --            ; --           ; --               ;
; SLD_NODE_CREATOR_ID                 ; 110                                                                 ; --            ; --           ; auto_signaltap_0 ;
; SLD_NODE_ENTITY_NAME                ; sld_signaltap                                                       ; --            ; --           ; auto_signaltap_0 ;
; SLD_NODE_PARAMETER_ASSIGNMENT       ; SLD_NODE_INFO=805334528                                             ; --            ; --           ; auto_signaltap_0 ;
; SLD_NODE_PARAMETER_ASSIGNMENT       ; SLD_POWER_UP_TRIGGER=0                                              ; --            ; --           ; auto_signaltap_0 ;
; SLD_NODE_PARAMETER_ASSIGNMENT       ; SLD_STORAGE_QUALIFIER_INVERSION_MASK_LENGTH=0                       ; --            ; --           ; auto_signaltap_0 ;
; SLD_NODE_PARAMETER_ASSIGNMENT       ; SLD_SEGMENT_SIZE=128                                                ; --            ; --           ; auto_signaltap_0 ;
; SLD_NODE_PARAMETER_ASSIGNMENT       ; SLD_ATTRIBUTE_MEM_MODE=OFF                                          ; --            ; --           ; auto_signaltap_0 ;
; SLD_NODE_PARAMETER_ASSIGNMENT       ; SLD_STATE_FLOW_USE_GENERATED=0                                      ; --            ; --           ; auto_signaltap_0 ;
; SLD_NODE_PARAMETER_ASSIGNMENT       ; SLD_STATE_BITS=11                                                   ; --            ; --           ; auto_signaltap_0 ;
; SLD_NODE_PARAMETER_ASSIGNMENT       ; SLD_BUFFER_FULL_STOP=1                                              ; --            ; --           ; auto_signaltap_0 ;
; SLD_NODE_PARAMETER_ASSIGNMENT       ; SLD_CURRENT_RESOURCE_WIDTH=1                                        ; --            ; --           ; auto_signaltap_0 ;
; SLD_NODE_PARAMETER_ASSIGNMENT       ; SLD_TRIGGER_LEVEL=1                                                 ; --            ; --           ; auto_signaltap_0 ;
; SLD_NODE_PARAMETER_ASSIGNMENT       ; SLD_SAMPLE_DEPTH=128                                                ; --            ; --           ; auto_signaltap_0 ;
; SLD_NODE_PARAMETER_ASSIGNMENT       ; SLD_TRIGGER_IN_ENABLED=0                                            ; --            ; --           ; auto_signaltap_0 ;
; SLD_NODE_PARAMETER_ASSIGNMENT       ; SLD_TRIGGER_LEVEL_PIPELINE=1                                        ; --            ; --           ; auto_signaltap_0 ;
; SLD_NODE_PARAMETER_ASSIGNMENT       ; SLD_ADVANCED_TRIGGER_ENTITY=basic,1,                                ; --            ; --           ; auto_signaltap_0 ;
; SLD_NODE_PARAMETER_ASSIGNMENT       ; SLD_ENABLE_ADVANCED_TRIGGER=0                                       ; --            ; --           ; auto_signaltap_0 ;
; SLD_NODE_PARAMETER_ASSIGNMENT       ; SLD_DATA_BITS=9                                                     ; --            ; --           ; auto_signaltap_0 ;
; SLD_NODE_PARAMETER_ASSIGNMENT       ; SLD_TRIGGER_BITS=9                                                  ; --            ; --           ; auto_signaltap_0 ;
; SLD_NODE_PARAMETER_ASSIGNMENT       ; SLD_INVERSION_MASK=000000000000000000000000000000000000000000000000 ; --            ; --           ; auto_signaltap_0 ;
; SLD_NODE_PARAMETER_ASSIGNMENT       ; SLD_INVERSION_MASK_LENGTH=48                                        ; --            ; --           ; auto_signaltap_0 ;
; SLD_NODE_PARAMETER_ASSIGNMENT       ; SLD_NODE_CRC_HIWORD=31549                                           ; --            ; --           ; auto_signaltap_0 ;
; SLD_NODE_PARAMETER_ASSIGNMENT       ; SLD_NODE_CRC_LOWORD=38084                                           ; --            ; --           ; auto_signaltap_0 ;
; TOP_LEVEL_ENTITY                    ; g19_Envelope                                                        ; g19_lab3      ; --           ; --               ;
; USE_GENERATED_PHYSICAL_CONSTRAINTS  ; Off                                                                 ; --            ; --           ; eda_blast_fpga   ;
; USE_SIGNALTAP_FILE                  ; stp1.stp                                                            ; --            ; --           ; --               ;
+-------------------------------------+---------------------------------------------------------------------+---------------+--------------+------------------+


+-------------------------------------------------------------------------------------------------------------------------------+
; Flow Elapsed Time                                                                                                             ;
+---------------------------+--------------+-------------------------+---------------------+------------------------------------+
; Module Name               ; Elapsed Time ; Average Processors Used ; Peak Virtual Memory ; Total CPU Time (on all processors) ;
+---------------------------+--------------+-------------------------+---------------------+------------------------------------+
; Analysis & Synthesis      ; 00:00:13     ; 1.0                     ; 563 MB              ; 00:00:09                           ;
; Fitter                    ; 00:00:07     ; 1.0                     ; 1062 MB             ; 00:00:07                           ;
; Assembler                 ; 00:00:02     ; 1.0                     ; 450 MB              ; 00:00:02                           ;
; TimeQuest Timing Analyzer ; 00:00:02     ; 1.0                     ; 458 MB              ; 00:00:01                           ;
; EDA Netlist Writer        ; 00:00:02     ; 1.0                     ; 422 MB              ; 00:00:01                           ;
; Total                     ; 00:00:26     ; --                      ; --                  ; 00:00:20                           ;
+---------------------------+--------------+-------------------------+---------------------+------------------------------------+


+----------------------------------------------------------------------------------------+
; Flow OS Summary                                                                        ;
+---------------------------+------------------+-----------+------------+----------------+
; Module Name               ; Machine Hostname ; OS Name   ; OS Version ; Processor type ;
+---------------------------+------------------+-----------+------------+----------------+
; Analysis & Synthesis      ; SpicyOnion_VAIO  ; Windows 7 ; 6.2        ; x86_64         ;
; Fitter                    ; SpicyOnion_VAIO  ; Windows 7 ; 6.2        ; x86_64         ;
; Assembler                 ; SpicyOnion_VAIO  ; Windows 7 ; 6.2        ; x86_64         ;
; TimeQuest Timing Analyzer ; SpicyOnion_VAIO  ; Windows 7 ; 6.2        ; x86_64         ;
; EDA Netlist Writer        ; SpicyOnion_VAIO  ; Windows 7 ; 6.2        ; x86_64         ;
+---------------------------+------------------+-----------+------------+----------------+


------------
; Flow Log ;
------------
quartus_map --read_settings_files=on --write_settings_files=off g19_lab3 -c g19_lab3
quartus_fit --read_settings_files=off --write_settings_files=off g19_lab3 -c g19_lab3
quartus_asm --read_settings_files=off --write_settings_files=off g19_lab3 -c g19_lab3
quartus_sta g19_lab3 -c g19_lab3
quartus_eda --read_settings_files=off --write_settings_files=off g19_lab3 -c g19_lab3



