Analysis & Synthesis report for g19_lab4
Thu Nov 14 12:56:32 2013
Quartus II 64-Bit Version 9.1 Build 350 03/24/2010 Service Pack 2 SJ Full Version


---------------------
; Table of Contents ;
---------------------
  1. Legal Notice
  2. Analysis & Synthesis Summary
  3. Analysis & Synthesis Settings
  4. Parallel Compilation
  5. Analysis & Synthesis Source Files Read
  6. Analysis & Synthesis Resource Usage Summary
  7. Analysis & Synthesis Resource Utilization by Entity
  8. State Machine - |g19_square_wave_generator1|g19_audio_interface:inst2|state
  9. State Machine - |g19_square_wave_generator1|g19_audio_interface:inst2|state2
 10. Registers Removed During Synthesis
 11. General Register Statistics
 12. Inverted Register Statistics
 13. Multiplexer Restructuring Statistics (Restructuring Performed)
 14. Parameter Settings for User Entity Instance: g19_square_wave:inst|LPM_FF:lpm_ff_component
 15. Analysis & Synthesis Messages



----------------
; Legal Notice ;
----------------
Copyright (C) 1991-2010 Altera Corporation
Your use of Altera Corporation's design tools, logic functions 
and other software and tools, and its AMPP partner logic 
functions, and any output files from any of the foregoing 
(including device programming or simulation files), and any 
associated documentation or information are expressly subject 
to the terms and conditions of the Altera Program License 
Subscription Agreement, Altera MegaCore Function License 
Agreement, or other applicable license agreement, including, 
without limitation, that your use is for the sole purpose of 
programming logic devices manufactured by Altera and sold by 
Altera or its authorized distributors.  Please refer to the 
applicable agreement for further details.



+------------------------------------------------------------------------------------+
; Analysis & Synthesis Summary                                                       ;
+------------------------------------+-----------------------------------------------+
; Analysis & Synthesis Status        ; Successful - Thu Nov 14 12:56:32 2013         ;
; Quartus II 64-Bit Version          ; 9.1 Build 350 03/24/2010 SP 2 SJ Full Version ;
; Revision Name                      ; g19_lab4                                      ;
; Top-level Entity Name              ; g19_square_wave_generator1                    ;
; Family                             ; Cyclone II                                    ;
; Total logic elements               ; 1,047                                         ;
;     Total combinational functions  ; 620                                           ;
;     Dedicated logic registers      ; 837                                           ;
; Total registers                    ; 837                                           ;
; Total pins                         ; 20                                            ;
; Total virtual pins                 ; 0                                             ;
; Total memory bits                  ; 0                                             ;
; Embedded Multiplier 9-bit elements ; 0                                             ;
; Total PLLs                         ; 0                                             ;
+------------------------------------+-----------------------------------------------+


+------------------------------------------------------------------------------------------------------------------------------+
; Analysis & Synthesis Settings                                                                                                ;
+----------------------------------------------------------------------------+----------------------------+--------------------+
; Option                                                                     ; Setting                    ; Default Value      ;
+----------------------------------------------------------------------------+----------------------------+--------------------+
; Device                                                                     ; EP2C20F484C7               ;                    ;
; Top-level entity name                                                      ; g19_square_wave_generator1 ; g19_lab4           ;
; Family name                                                                ; Cyclone II                 ; Stratix II         ;
; Use Generated Physical Constraints File                                    ; Off                        ;                    ;
; Use smart compilation                                                      ; Off                        ; Off                ;
; Enable parallel Assembler and TimeQuest Timing Analyzer during compilation ; On                         ; On                 ;
; Enable compact report table                                                ; Off                        ; Off                ;
; Restructure Multiplexers                                                   ; Auto                       ; Auto               ;
; Create Debugging Nodes for IP Cores                                        ; Off                        ; Off                ;
; Preserve fewer node names                                                  ; On                         ; On                 ;
; Disable OpenCore Plus hardware evaluation                                  ; Off                        ; Off                ;
; Verilog Version                                                            ; Verilog_2001               ; Verilog_2001       ;
; VHDL Version                                                               ; VHDL_1993                  ; VHDL_1993          ;
; State Machine Processing                                                   ; Auto                       ; Auto               ;
; Safe State Machine                                                         ; Off                        ; Off                ;
; Extract Verilog State Machines                                             ; On                         ; On                 ;
; Extract VHDL State Machines                                                ; On                         ; On                 ;
; Ignore Verilog initial constructs                                          ; Off                        ; Off                ;
; Iteration limit for constant Verilog loops                                 ; 5000                       ; 5000               ;
; Iteration limit for non-constant Verilog loops                             ; 250                        ; 250                ;
; Add Pass-Through Logic to Inferred RAMs                                    ; On                         ; On                 ;
; Parallel Synthesis                                                         ; On                         ; On                 ;
; DSP Block Balancing                                                        ; Auto                       ; Auto               ;
; NOT Gate Push-Back                                                         ; On                         ; On                 ;
; Power-Up Don't Care                                                        ; On                         ; On                 ;
; Remove Redundant Logic Cells                                               ; Off                        ; Off                ;
; Remove Duplicate Registers                                                 ; On                         ; On                 ;
; Ignore CARRY Buffers                                                       ; Off                        ; Off                ;
; Ignore CASCADE Buffers                                                     ; Off                        ; Off                ;
; Ignore GLOBAL Buffers                                                      ; Off                        ; Off                ;
; Ignore ROW GLOBAL Buffers                                                  ; Off                        ; Off                ;
; Ignore LCELL Buffers                                                       ; Off                        ; Off                ;
; Ignore SOFT Buffers                                                        ; On                         ; On                 ;
; Limit AHDL Integers to 32 Bits                                             ; Off                        ; Off                ;
; Optimization Technique                                                     ; Balanced                   ; Balanced           ;
; Carry Chain Length                                                         ; 70                         ; 70                 ;
; Auto Carry Chains                                                          ; On                         ; On                 ;
; Auto Open-Drain Pins                                                       ; On                         ; On                 ;
; Perform WYSIWYG Primitive Resynthesis                                      ; Off                        ; Off                ;
; Auto ROM Replacement                                                       ; On                         ; On                 ;
; Auto RAM Replacement                                                       ; On                         ; On                 ;
; Auto Shift Register Replacement                                            ; Auto                       ; Auto               ;
; Auto Clock Enable Replacement                                              ; On                         ; On                 ;
; Strict RAM Replacement                                                     ; Off                        ; Off                ;
; Allow Synchronous Control Signals                                          ; On                         ; On                 ;
; Force Use of Synchronous Clear Signals                                     ; Off                        ; Off                ;
; Auto RAM to Logic Cell Conversion                                          ; Off                        ; Off                ;
; Auto Resource Sharing                                                      ; Off                        ; Off                ;
; Allow Any RAM Size For Recognition                                         ; Off                        ; Off                ;
; Allow Any ROM Size For Recognition                                         ; Off                        ; Off                ;
; Allow Any Shift Register Size For Recognition                              ; Off                        ; Off                ;
; Use LogicLock Constraints during Resource Balancing                        ; On                         ; On                 ;
; Ignore translate_off and synthesis_off directives                          ; Off                        ; Off                ;
; Timing-Driven Synthesis                                                    ; Off                        ; Off                ;
; Show Parameter Settings Tables in Synthesis Report                         ; On                         ; On                 ;
; Ignore Maximum Fan-Out Assignments                                         ; Off                        ; Off                ;
; Synchronization Register Chain Length                                      ; 2                          ; 2                  ;
; PowerPlay Power Optimization                                               ; Normal compilation         ; Normal compilation ;
; HDL message level                                                          ; Level2                     ; Level2             ;
; Suppress Register Optimization Related Messages                            ; Off                        ; Off                ;
; Number of Removed Registers Reported in Synthesis Report                   ; 5000                       ; 5000               ;
; Number of Inverted Registers Reported in Synthesis Report                  ; 100                        ; 100                ;
; Clock MUX Protection                                                       ; On                         ; On                 ;
; Auto Gated Clock Conversion                                                ; Off                        ; Off                ;
; Block Design Naming                                                        ; Auto                       ; Auto               ;
; SDC constraint protection                                                  ; Off                        ; Off                ;
; Synthesis Effort                                                           ; Auto                       ; Auto               ;
; Shift Register Replacement - Allow Asynchronous Clear Signal               ; On                         ; On                 ;
; Analysis & Synthesis Message Level                                         ; Medium                     ; Medium             ;
; Disable Register Merging Across Hierarchies                                ; Auto                       ; Auto               ;
; Resource Aware Inference For Block RAM                                     ; On                         ; On                 ;
+----------------------------------------------------------------------------+----------------------------+--------------------+


+------------------------------------------+
; Parallel Compilation                     ;
+----------------------------+-------------+
; Processors                 ; Number      ;
+----------------------------+-------------+
; Number detected on machine ; 4           ;
; Maximum allowed            ; 4           ;
;                            ;             ;
; Average used               ; 1.00        ;
; Maximum used               ; 1           ;
;                            ;             ;
; Usage by Processor         ; % Time Used ;
;     1 processor            ; 100.0%      ;
;     2-4 processors         ;   0.0%      ;
+----------------------------+-------------+


+------------------------------------------------------------------------------------------------------------------------------------------------------+
; Analysis & Synthesis Source Files Read                                                                                                               ;
+----------------------------------+-----------------+------------------------------------+------------------------------------------------------------+
; File Name with User-Entered Path ; Used in Netlist ; File Type                          ; File Name with Absolute Path                               ;
+----------------------------------+-----------------+------------------------------------+------------------------------------------------------------+
; g19_square_wave.vhd              ; yes             ; User VHDL File                     ; E:/g19_lab4/g19_square_wave.vhd                            ;
; g19_audio_interface.vhd          ; yes             ; User VHDL File                     ; E:/g19_lab4/g19_audio_interface.vhd                        ;
; g19_decimator.vhd                ; yes             ; User VHDL File                     ; E:/g19_lab4/g19_decimator.vhd                              ;
; g19_square_wave_generator1.bdf   ; yes             ; User Block Diagram/Schematic File  ; E:/g19_lab4/g19_square_wave_generator1.bdf                 ;
; lpm_ff.tdf                       ; yes             ; Megafunction                       ; c:/altera/91sp2/quartus/libraries/megafunctions/lpm_ff.tdf ;
+----------------------------------+-----------------+------------------------------------+------------------------------------------------------------+


+-----------------------------------------------------+
; Analysis & Synthesis Resource Usage Summary         ;
+---------------------------------------------+-------+
; Resource                                    ; Usage ;
+---------------------------------------------+-------+
; Estimated Total logic elements              ; 1,047 ;
;                                             ;       ;
; Total combinational functions               ; 620   ;
; Logic element usage by number of LUT inputs ;       ;
;     -- 4 input functions                    ; 131   ;
;     -- 3 input functions                    ; 421   ;
;     -- <=2 input functions                  ; 68    ;
;                                             ;       ;
; Logic elements by mode                      ;       ;
;     -- normal mode                          ; 246   ;
;     -- arithmetic mode                      ; 374   ;
;                                             ;       ;
; Total registers                             ; 837   ;
;     -- Dedicated logic registers            ; 837   ;
;     -- I/O registers                        ; 0     ;
;                                             ;       ;
; I/O pins                                    ; 20    ;
; Maximum fan-out node                        ; clk   ;
; Maximum fan-out                             ; 743   ;
; Total fan-out                               ; 4519  ;
; Average fan-out                             ; 3.06  ;
+---------------------------------------------+-------+


+---------------------------------------------------------------------------------------------------------------------------------------------------------------------------------------------------------------------------------------+
; Analysis & Synthesis Resource Utilization by Entity                                                                                                                                                                                   ;
+---------------------------------+-------------------+--------------+-------------+--------------+---------+-----------+------+--------------+--------------------------------------------------------------------------+--------------+
; Compilation Hierarchy Node      ; LC Combinationals ; LC Registers ; Memory Bits ; DSP Elements ; DSP 9x9 ; DSP 18x18 ; Pins ; Virtual Pins ; Full Hierarchy Name                                                      ; Library Name ;
+---------------------------------+-------------------+--------------+-------------+--------------+---------+-----------+------+--------------+--------------------------------------------------------------------------+--------------+
; |g19_square_wave_generator1     ; 620 (0)           ; 837 (0)      ; 0           ; 0            ; 0       ; 0         ; 20   ; 0            ; |g19_square_wave_generator1                                              ; work         ;
;    |g19_audio_interface:inst2|  ; 150 (150)         ; 94 (94)      ; 0           ; 0            ; 0       ; 0         ; 0    ; 0            ; |g19_square_wave_generator1|g19_audio_interface:inst2                    ;              ;
;    |g19_decimator:inst1|        ; 357 (357)         ; 722 (722)    ; 0           ; 0            ; 0       ; 0         ; 0    ; 0            ; |g19_square_wave_generator1|g19_decimator:inst1                          ;              ;
;    |g19_square_wave:inst|       ; 113 (112)         ; 21 (20)      ; 0           ; 0            ; 0       ; 0         ; 0    ; 0            ; |g19_square_wave_generator1|g19_square_wave:inst                         ;              ;
;       |lpm_ff:lpm_ff_component| ; 1 (1)             ; 1 (1)        ; 0           ; 0            ; 0       ; 0         ; 0    ; 0            ; |g19_square_wave_generator1|g19_square_wave:inst|lpm_ff:lpm_ff_component ;              ;
+---------------------------------+-------------------+--------------+-------------+--------------+---------+-----------+------+--------------+--------------------------------------------------------------------------+--------------+
Note: For table entries with two numbers listed, the numbers in parentheses indicate the number of resources of the given type used by the specific entity alone. The numbers listed outside of parentheses indicate the total resources of the given type used by the specific entity and all of its sub-entities in the hierarchy.


Encoding Type:  One-Hot
+------------------------------------------------------------------------------------------------------------------------------------------------------------------------------------------------------------------------------------------------------------------------------------------------------------------------------------------------------------------+
; State Machine - |g19_square_wave_generator1|g19_audio_interface:inst2|state                                                                                                                                                                                                                                                                                      ;
+----------------+------------+-------------+-------------+-------------+-------------+-------------+-------------+--------------+--------------+--------------+--------------+--------------+--------------+--------------+--------------+--------------+------------+------------+------------+----------+----------+----------+----------------+----------------+
; Name           ; state.send ; state.sw2b3 ; state.sw2b2 ; state.sw2b1 ; state.sw1b3 ; state.sw1b2 ; state.sw1b1 ; state.sack33 ; state.sack32 ; state.sack31 ; state.sack23 ; state.sack22 ; state.sack21 ; state.sack13 ; state.sack12 ; state.sack11 ; state.sab3 ; state.sab2 ; state.sab1 ; state.s2 ; state.s1 ; state.s0 ; state.sw_init1 ; state.sw_init0 ;
+----------------+------------+-------------+-------------+-------------+-------------+-------------+-------------+--------------+--------------+--------------+--------------+--------------+--------------+--------------+--------------+--------------+------------+------------+------------+----------+----------+----------+----------------+----------------+
; state.sw_init0 ; 0          ; 0           ; 0           ; 0           ; 0           ; 0           ; 0           ; 0            ; 0            ; 0            ; 0            ; 0            ; 0            ; 0            ; 0            ; 0            ; 0          ; 0          ; 0          ; 0        ; 0        ; 0        ; 0              ; 0              ;
; state.sw_init1 ; 0          ; 0           ; 0           ; 0           ; 0           ; 0           ; 0           ; 0            ; 0            ; 0            ; 0            ; 0            ; 0            ; 0            ; 0            ; 0            ; 0          ; 0          ; 0          ; 0        ; 0        ; 0        ; 1              ; 1              ;
; state.s0       ; 0          ; 0           ; 0           ; 0           ; 0           ; 0           ; 0           ; 0            ; 0            ; 0            ; 0            ; 0            ; 0            ; 0            ; 0            ; 0            ; 0          ; 0          ; 0          ; 0        ; 0        ; 1        ; 0              ; 1              ;
; state.s1       ; 0          ; 0           ; 0           ; 0           ; 0           ; 0           ; 0           ; 0            ; 0            ; 0            ; 0            ; 0            ; 0            ; 0            ; 0            ; 0            ; 0          ; 0          ; 0          ; 0        ; 1        ; 0        ; 0              ; 1              ;
; state.s2       ; 0          ; 0           ; 0           ; 0           ; 0           ; 0           ; 0           ; 0            ; 0            ; 0            ; 0            ; 0            ; 0            ; 0            ; 0            ; 0            ; 0          ; 0          ; 0          ; 1        ; 0        ; 0        ; 0              ; 1              ;
; state.sab1     ; 0          ; 0           ; 0           ; 0           ; 0           ; 0           ; 0           ; 0            ; 0            ; 0            ; 0            ; 0            ; 0            ; 0            ; 0            ; 0            ; 0          ; 0          ; 1          ; 0        ; 0        ; 0        ; 0              ; 1              ;
; state.sab2     ; 0          ; 0           ; 0           ; 0           ; 0           ; 0           ; 0           ; 0            ; 0            ; 0            ; 0            ; 0            ; 0            ; 0            ; 0            ; 0            ; 0          ; 1          ; 0          ; 0        ; 0        ; 0        ; 0              ; 1              ;
; state.sab3     ; 0          ; 0           ; 0           ; 0           ; 0           ; 0           ; 0           ; 0            ; 0            ; 0            ; 0            ; 0            ; 0            ; 0            ; 0            ; 0            ; 1          ; 0          ; 0          ; 0        ; 0        ; 0        ; 0              ; 1              ;
; state.sack11   ; 0          ; 0           ; 0           ; 0           ; 0           ; 0           ; 0           ; 0            ; 0            ; 0            ; 0            ; 0            ; 0            ; 0            ; 0            ; 1            ; 0          ; 0          ; 0          ; 0        ; 0        ; 0        ; 0              ; 1              ;
; state.sack12   ; 0          ; 0           ; 0           ; 0           ; 0           ; 0           ; 0           ; 0            ; 0            ; 0            ; 0            ; 0            ; 0            ; 0            ; 1            ; 0            ; 0          ; 0          ; 0          ; 0        ; 0        ; 0        ; 0              ; 1              ;
; state.sack13   ; 0          ; 0           ; 0           ; 0           ; 0           ; 0           ; 0           ; 0            ; 0            ; 0            ; 0            ; 0            ; 0            ; 1            ; 0            ; 0            ; 0          ; 0          ; 0          ; 0        ; 0        ; 0        ; 0              ; 1              ;
; state.sack21   ; 0          ; 0           ; 0           ; 0           ; 0           ; 0           ; 0           ; 0            ; 0            ; 0            ; 0            ; 0            ; 1            ; 0            ; 0            ; 0            ; 0          ; 0          ; 0          ; 0        ; 0        ; 0        ; 0              ; 1              ;
; state.sack22   ; 0          ; 0           ; 0           ; 0           ; 0           ; 0           ; 0           ; 0            ; 0            ; 0            ; 0            ; 1            ; 0            ; 0            ; 0            ; 0            ; 0          ; 0          ; 0          ; 0        ; 0        ; 0        ; 0              ; 1              ;
; state.sack23   ; 0          ; 0           ; 0           ; 0           ; 0           ; 0           ; 0           ; 0            ; 0            ; 0            ; 1            ; 0            ; 0            ; 0            ; 0            ; 0            ; 0          ; 0          ; 0          ; 0        ; 0        ; 0        ; 0              ; 1              ;
; state.sack31   ; 0          ; 0           ; 0           ; 0           ; 0           ; 0           ; 0           ; 0            ; 0            ; 1            ; 0            ; 0            ; 0            ; 0            ; 0            ; 0            ; 0          ; 0          ; 0          ; 0        ; 0        ; 0        ; 0              ; 1              ;
; state.sack32   ; 0          ; 0           ; 0           ; 0           ; 0           ; 0           ; 0           ; 0            ; 1            ; 0            ; 0            ; 0            ; 0            ; 0            ; 0            ; 0            ; 0          ; 0          ; 0          ; 0        ; 0        ; 0        ; 0              ; 1              ;
; state.sack33   ; 0          ; 0           ; 0           ; 0           ; 0           ; 0           ; 0           ; 1            ; 0            ; 0            ; 0            ; 0            ; 0            ; 0            ; 0            ; 0            ; 0          ; 0          ; 0          ; 0        ; 0        ; 0        ; 0              ; 1              ;
; state.sw1b1    ; 0          ; 0           ; 0           ; 0           ; 0           ; 0           ; 1           ; 0            ; 0            ; 0            ; 0            ; 0            ; 0            ; 0            ; 0            ; 0            ; 0          ; 0          ; 0          ; 0        ; 0        ; 0        ; 0              ; 1              ;
; state.sw1b2    ; 0          ; 0           ; 0           ; 0           ; 0           ; 1           ; 0           ; 0            ; 0            ; 0            ; 0            ; 0            ; 0            ; 0            ; 0            ; 0            ; 0          ; 0          ; 0          ; 0        ; 0        ; 0        ; 0              ; 1              ;
; state.sw1b3    ; 0          ; 0           ; 0           ; 0           ; 1           ; 0           ; 0           ; 0            ; 0            ; 0            ; 0            ; 0            ; 0            ; 0            ; 0            ; 0            ; 0          ; 0          ; 0          ; 0        ; 0        ; 0        ; 0              ; 1              ;
; state.sw2b1    ; 0          ; 0           ; 0           ; 1           ; 0           ; 0           ; 0           ; 0            ; 0            ; 0            ; 0            ; 0            ; 0            ; 0            ; 0            ; 0            ; 0          ; 0          ; 0          ; 0        ; 0        ; 0        ; 0              ; 1              ;
; state.sw2b2    ; 0          ; 0           ; 1           ; 0           ; 0           ; 0           ; 0           ; 0            ; 0            ; 0            ; 0            ; 0            ; 0            ; 0            ; 0            ; 0            ; 0          ; 0          ; 0          ; 0        ; 0        ; 0        ; 0              ; 1              ;
; state.sw2b3    ; 0          ; 1           ; 0           ; 0           ; 0           ; 0           ; 0           ; 0            ; 0            ; 0            ; 0            ; 0            ; 0            ; 0            ; 0            ; 0            ; 0          ; 0          ; 0          ; 0        ; 0        ; 0        ; 0              ; 1              ;
; state.send     ; 1          ; 0           ; 0           ; 0           ; 0           ; 0           ; 0           ; 0            ; 0            ; 0            ; 0            ; 0            ; 0            ; 0            ; 0            ; 0            ; 0          ; 0          ; 0          ; 0        ; 0        ; 0        ; 0              ; 1              ;
+----------------+------------+-------------+-------------+-------------+-------------+-------------+-------------+--------------+--------------+--------------+--------------+--------------+--------------+--------------+--------------+--------------+------------+------------+------------+----------+----------+----------+----------------+----------------+


Encoding Type:  One-Hot
+-----------------------------------------------------------------------------------------+
; State Machine - |g19_square_wave_generator1|g19_audio_interface:inst2|state2            ;
+-----------------+-----------------+-----------------+-----------------+-----------------+
; Name            ; state2.sw_write ; state2.sw_ready ; state2.sw_init1 ; state2.sw_init0 ;
+-----------------+-----------------+-----------------+-----------------+-----------------+
; state2.sw_init0 ; 0               ; 0               ; 0               ; 0               ;
; state2.sw_init1 ; 0               ; 0               ; 1               ; 1               ;
; state2.sw_ready ; 0               ; 1               ; 0               ; 1               ;
; state2.sw_write ; 1               ; 0               ; 0               ; 1               ;
+-----------------+-----------------+-----------------+-----------------+-----------------+


+------------------------------------------------------------------------------------------------+
; Registers Removed During Synthesis                                                             ;
+-------------------------------------------+----------------------------------------------------+
; Register name                             ; Reason for Removal                                 ;
+-------------------------------------------+----------------------------------------------------+
; g19_audio_interface:inst2|LRDATA[0..1]    ; Stuck at GND due to stuck port data_in             ;
; g19_audio_interface:inst2|SCI_WORD1[5..7] ; Stuck at GND due to stuck port data_in             ;
; g19_decimator:inst1|x[0]                  ; Stuck at VCC due to stuck port data_in             ;
; g19_decimator:inst1|x[1..19]              ; Merged with g19_decimator:inst1|x[23]              ;
; g19_audio_interface:inst2|LRDATA[25]      ; Merged with g19_audio_interface:inst2|LRDATA[49]   ;
; g19_audio_interface:inst2|LRDATA[24]      ; Merged with g19_audio_interface:inst2|LRDATA[48]   ;
; g19_audio_interface:inst2|LRDATA[23]      ; Merged with g19_audio_interface:inst2|LRDATA[47]   ;
; g19_audio_interface:inst2|LRDATA[22]      ; Merged with g19_audio_interface:inst2|LRDATA[46]   ;
; g19_audio_interface:inst2|LRDATA[21]      ; Merged with g19_audio_interface:inst2|LRDATA[45]   ;
; g19_audio_interface:inst2|LRDATA[20]      ; Merged with g19_audio_interface:inst2|LRDATA[44]   ;
; g19_audio_interface:inst2|LRDATA[19]      ; Merged with g19_audio_interface:inst2|LRDATA[43]   ;
; g19_audio_interface:inst2|LRDATA[18]      ; Merged with g19_audio_interface:inst2|LRDATA[42]   ;
; g19_audio_interface:inst2|LRDATA[17]      ; Merged with g19_audio_interface:inst2|LRDATA[41]   ;
; g19_audio_interface:inst2|LRDATA[16]      ; Merged with g19_audio_interface:inst2|LRDATA[40]   ;
; g19_audio_interface:inst2|LRDATA[15]      ; Merged with g19_audio_interface:inst2|LRDATA[39]   ;
; g19_audio_interface:inst2|LRDATA[14]      ; Merged with g19_audio_interface:inst2|LRDATA[38]   ;
; g19_audio_interface:inst2|LRDATA[13]      ; Merged with g19_audio_interface:inst2|LRDATA[37]   ;
; g19_audio_interface:inst2|LRDATA[12]      ; Merged with g19_audio_interface:inst2|LRDATA[36]   ;
; g19_audio_interface:inst2|LRDATA[11]      ; Merged with g19_audio_interface:inst2|LRDATA[35]   ;
; g19_audio_interface:inst2|LRDATA[10]      ; Merged with g19_audio_interface:inst2|LRDATA[34]   ;
; g19_audio_interface:inst2|LRDATA[9]       ; Merged with g19_audio_interface:inst2|LRDATA[33]   ;
; g19_audio_interface:inst2|LRDATA[8]       ; Merged with g19_audio_interface:inst2|LRDATA[32]   ;
; g19_audio_interface:inst2|LRDATA[7]       ; Merged with g19_audio_interface:inst2|LRDATA[31]   ;
; g19_audio_interface:inst2|LRDATA[6]       ; Merged with g19_audio_interface:inst2|LRDATA[30]   ;
; g19_audio_interface:inst2|LRDATA[5]       ; Merged with g19_audio_interface:inst2|LRDATA[29]   ;
; g19_audio_interface:inst2|LRDATA[4]       ; Merged with g19_audio_interface:inst2|LRDATA[28]   ;
; g19_audio_interface:inst2|LRDATA[3]       ; Merged with g19_audio_interface:inst2|LRDATA[27]   ;
; g19_audio_interface:inst2|LRDATA[2]       ; Merged with g19_audio_interface:inst2|LRDATA[26]   ;
; g19_audio_interface:inst2|SCI_WORD2[7]    ; Merged with g19_audio_interface:inst2|SCI_WORD1[0] ;
; g19_audio_interface:inst2|SCI_WORD2[5]    ; Merged with g19_audio_interface:inst2|SCI_WORD2[6] ;
; g19_audio_interface:inst2|SCI_WORD2[1]    ; Merged with g19_audio_interface:inst2|SCI_WORD1[4] ;
; g19_square_wave:inst|data[20..31]         ; Lost fanout                                        ;
; Total Number of Removed Registers = 64    ;                                                    ;
+-------------------------------------------+----------------------------------------------------+


+------------------------------------------------------+
; General Register Statistics                          ;
+----------------------------------------------+-------+
; Statistic                                    ; Value ;
+----------------------------------------------+-------+
; Total registers                              ; 837   ;
; Number of registers using Synchronous Clear  ; 8     ;
; Number of registers using Synchronous Load   ; 15    ;
; Number of registers using Asynchronous Clear ; 112   ;
; Number of registers using Asynchronous Load  ; 0     ;
; Number of registers using Clock Enable       ; 773   ;
; Number of registers using Preset             ; 0     ;
+----------------------------------------------+-------+


+--------------------------------------------------+
; Inverted Register Statistics                     ;
+----------------------------------------+---------+
; Inverted Register                      ; Fan out ;
+----------------------------------------+---------+
; g19_audio_interface:inst2|Mcount       ; 7       ;
; g19_audio_interface:inst2|Bcount[2]    ; 5       ;
; g19_audio_interface:inst2|bit_count[0] ; 11      ;
; g19_audio_interface:inst2|bit_count[1] ; 10      ;
; g19_audio_interface:inst2|bit_count[2] ; 6       ;
; g19_audio_interface:inst2|SCI_READY    ; 5       ;
; Total number of inverted registers = 6 ;         ;
+----------------------------------------+---------+


+----------------------------------------------------------------------------------------------------------------------------------------------------------------------------------+
; Multiplexer Restructuring Statistics (Restructuring Performed)                                                                                                                   ;
+--------------------+-----------+---------------+----------------------+------------------------+------------+--------------------------------------------------------------------+
; Multiplexer Inputs ; Bus Width ; Baseline Area ; Area if Restructured ; Saving if Restructured ; Registered ; Example Multiplexer Output                                         ;
+--------------------+-----------+---------------+----------------------+------------------------+------------+--------------------------------------------------------------------+
; 3:1                ; 4 bits    ; 8 LEs         ; 8 LEs                ; 0 LEs                  ; Yes        ; |g19_square_wave_generator1|g19_square_wave:inst|data[19]          ;
; 3:1                ; 12 bits   ; 24 LEs        ; 24 LEs               ; 0 LEs                  ; Yes        ; |g19_square_wave_generator1|g19_square_wave:inst|data[6]           ;
; 8:1                ; 2 bits    ; 10 LEs        ; 4 LEs                ; 6 LEs                  ; Yes        ; |g19_square_wave_generator1|g19_audio_interface:inst2|SCI_WORD1[2] ;
; 4:1                ; 2 bits    ; 4 LEs         ; 4 LEs                ; 0 LEs                  ; Yes        ; |g19_square_wave_generator1|g19_square_wave:inst|data[3]           ;
; 16:1               ; 8 bits    ; 80 LEs        ; 40 LEs               ; 40 LEs                 ; Yes        ; |g19_square_wave_generator1|g19_audio_interface:inst2|SCI_WORD2[0] ;
; 19:1               ; 6 bits    ; 72 LEs        ; 6 LEs                ; 66 LEs                 ; Yes        ; |g19_square_wave_generator1|g19_audio_interface:inst2|clk_count[5] ;
; 6:1                ; 3 bits    ; 12 LEs        ; 3 LEs                ; 9 LEs                  ; Yes        ; |g19_square_wave_generator1|g19_audio_interface:inst2|bit_count[0] ;
; 7:1                ; 2 bits    ; 8 LEs         ; 6 LEs                ; 2 LEs                  ; No         ; |g19_square_wave_generator1|g19_audio_interface:inst2|Selector7    ;
; 7:1                ; 2 bits    ; 8 LEs         ; 4 LEs                ; 4 LEs                  ; No         ; |g19_square_wave_generator1|g19_audio_interface:inst2|Selector6    ;
; 12:1               ; 3 bits    ; 24 LEs        ; 9 LEs                ; 15 LEs                 ; No         ; |g19_square_wave_generator1|g19_audio_interface:inst2|Selector12   ;
+--------------------+-----------+---------------+----------------------+------------------------+------------+--------------------------------------------------------------------+


+-------------------------------------------------------------------------------------------+
; Parameter Settings for User Entity Instance: g19_square_wave:inst|LPM_FF:lpm_ff_component ;
+------------------------+------------+-----------------------------------------------------+
; Parameter Name         ; Value      ; Type                                                ;
+------------------------+------------+-----------------------------------------------------+
; LPM_WIDTH              ; 1          ; Signed Integer                                      ;
; LPM_AVALUE             ; UNUSED     ; Untyped                                             ;
; LPM_SVALUE             ; UNUSED     ; Untyped                                             ;
; LPM_FFTYPE             ; TFF        ; Untyped                                             ;
; DEVICE_FAMILY          ; Cyclone II ; Untyped                                             ;
; CBXI_PARAMETER         ; NOTHING    ; Untyped                                             ;
; AUTO_CARRY_CHAINS      ; ON         ; AUTO_CARRY                                          ;
; IGNORE_CARRY_BUFFERS   ; OFF        ; IGNORE_CARRY                                        ;
; AUTO_CASCADE_CHAINS    ; ON         ; AUTO_CASCADE                                        ;
; IGNORE_CASCADE_BUFFERS ; OFF        ; IGNORE_CASCADE                                      ;
+------------------------+------------+-----------------------------------------------------+
Note: In order to hide this table in the UI and the text report file, please set the "Show Parameter Settings Tables in Synthesis Report" option in "Analysis and Synthesis Settings -> More Settings" to "Off".


+-------------------------------+
; Analysis & Synthesis Messages ;
+-------------------------------+
Info: *******************************************************************
Info: Running Quartus II 64-Bit Analysis & Synthesis
    Info: Version 9.1 Build 350 03/24/2010 Service Pack 2 SJ Full Version
    Info: Processing started: Thu Nov 14 12:56:26 2013
Info: Command: quartus_map --read_settings_files=on --write_settings_files=off g19_lab4 -c g19_lab4
Info: Parallel compilation is enabled and will use 4 of the 4 processors detected
Info: Found 2 design units, including 1 entities, in source file g19_square_wave.vhd
    Info: Found design unit 1: g19_square_wave-g19_behavior
    Info: Found entity 1: g19_square_wave
Info: Found 2 design units, including 1 entities, in source file tflipflop.vhd
    Info: Found design unit 1: tflipflop-SYN
    Info: Found entity 1: TFlipFlop
Info: Found 2 design units, including 1 entities, in source file g19_audio_interface.vhd
    Info: Found design unit 1: g19_audio_interface-a
    Info: Found entity 1: g19_audio_interface
Info: Found 2 design units, including 1 entities, in source file g19_decimator.vhd
    Info: Found design unit 1: g19_decimator-a
    Info: Found entity 1: g19_decimator
Info: Found 2 design units, including 1 entities, in source file addition.vhd
    Info: Found design unit 1: addition-SYN
    Info: Found entity 1: addition
Info: Found 1 design units, including 1 entities, in source file g19_square_wave_generator1.bdf
    Info: Found entity 1: g19_square_wave_generator1
Info: Elaborating entity "g19_square_wave_generator1" for the top level hierarchy
Info: Elaborating entity "g19_audio_interface" for hierarchy "g19_audio_interface:inst2"
Info: Elaborating entity "g19_decimator" for hierarchy "g19_decimator:inst1"
Info: Elaborating entity "g19_square_wave" for hierarchy "g19_square_wave:inst"
Warning (10492): VHDL Process Statement warning at g19_square_wave.vhd(70): signal "data" is read inside the Process Statement but isn't in the Process Statement's sensitivity list
Warning (10492): VHDL Process Statement warning at g19_square_wave.vhd(72): signal "B" is read inside the Process Statement but isn't in the Process Statement's sensitivity list
Info: Elaborating entity "LPM_FF" for hierarchy "g19_square_wave:inst|LPM_FF:lpm_ff_component"
Info: Elaborated megafunction instantiation "g19_square_wave:inst|LPM_FF:lpm_ff_component"
Info: Instantiated megafunction "g19_square_wave:inst|LPM_FF:lpm_ff_component" with the following parameter:
    Info: Parameter "LPM_WIDTH" = "1"
    Info: Parameter "LPM_AVALUE" = "UNUSED"
    Info: Parameter "LPM_SVALUE" = "UNUSED"
    Info: Parameter "LPM_PVALUE" = "UNUSED"
    Info: Parameter "LPM_FFTYPE" = "TFF"
    Info: Parameter "LPM_TYPE" = "LPM_FF"
    Info: Parameter "LPM_HINT" = "UNUSED"
Info: Registers with preset signals will power-up high
Info: DEV_CLRn pin will set, and not reset, register with preset signal due to NOT Gate Push-Back
Critical Warning: Ignored Power-Up Level option on the following registers
    Critical Warning (18010): Register g19_audio_interface:inst2|bit_count[2] will power up to High
    Critical Warning (18010): Register g19_audio_interface:inst2|bit_count[0] will power up to High
    Critical Warning (18010): Register g19_audio_interface:inst2|bit_count[1] will power up to High
    Critical Warning (18010): Register g19_square_wave:inst|data[0] will power up to Low
Info: 12 registers lost all their fanouts during netlist optimizations. The first 12 are displayed below.
    Info: Register "g19_square_wave:inst|data[20]" lost all its fanouts during netlist optimizations.
    Info: Register "g19_square_wave:inst|data[21]" lost all its fanouts during netlist optimizations.
    Info: Register "g19_square_wave:inst|data[22]" lost all its fanouts during netlist optimizations.
    Info: Register "g19_square_wave:inst|data[23]" lost all its fanouts during netlist optimizations.
    Info: Register "g19_square_wave:inst|data[24]" lost all its fanouts during netlist optimizations.
    Info: Register "g19_square_wave:inst|data[25]" lost all its fanouts during netlist optimizations.
    Info: Register "g19_square_wave:inst|data[26]" lost all its fanouts during netlist optimizations.
    Info: Register "g19_square_wave:inst|data[27]" lost all its fanouts during netlist optimizations.
    Info: Register "g19_square_wave:inst|data[28]" lost all its fanouts during netlist optimizations.
    Info: Register "g19_square_wave:inst|data[29]" lost all its fanouts during netlist optimizations.
    Info: Register "g19_square_wave:inst|data[30]" lost all its fanouts during netlist optimizations.
    Info: Register "g19_square_wave:inst|data[31]" lost all its fanouts during netlist optimizations.
Info: Implemented 1069 device resources after synthesis - the final resource count might be different
    Info: Implemented 14 input pins
    Info: Implemented 6 output pins
    Info: Implemented 1049 logic cells
Info: Quartus II 64-Bit Analysis & Synthesis was successful. 0 errors, 7 warnings
    Info: Peak virtual memory: 321 megabytes
    Info: Processing ended: Thu Nov 14 12:56:32 2013
    Info: Elapsed time: 00:00:06
    Info: Total CPU time (on all processors): 00:00:03


