Flow report for sine
Thu Oct 10 18:31:34 2013
Quartus II 64-Bit Version 9.1 Build 350 03/24/2010 Service Pack 2 SJ Full Version


---------------------
; Table of Contents ;
---------------------
  1. Legal Notice
  2. Flow Summary
  3. Flow Settings
  4. Flow Non-Default Global Settings
  5. Flow Elapsed Time
  6. Flow OS Summary
  7. Flow Log



----------------
; Legal Notice ;
----------------
Copyright (C) 1991-2010 Altera Corporation
Your use of Altera Corporation's design tools, logic functions 
and other software and tools, and its AMPP partner logic 
functions, and any output files from any of the foregoing 
(including device programming or simulation files), and any 
associated documentation or information are expressly subject 
to the terms and conditions of the Altera Program License 
Subscription Agreement, Altera MegaCore Function License 
Agreement, or other applicable license agreement, including, 
without limitation, that your use is for the sole purpose of 
programming logic devices manufactured by Altera and sold by 
Altera or its authorized distributors.  Please refer to the 
applicable agreement for further details.



+-------------------------------------------------------------------------------+
; Flow Summary                                                                  ;
+-------------------------------+-----------------------------------------------+
; Flow Status                   ; Successful - Thu Oct 10 18:31:34 2013         ;
; Quartus II 64-Bit Version     ; 9.1 Build 350 03/24/2010 SP 2 SJ Full Version ;
; Revision Name                 ; sine                                          ;
; Top-level Entity Name         ; sine                                          ;
; Family                        ; Stratix II                                    ;
; Met timing requirements       ; Yes                                           ;
; Logic utilization             ; 0 %                                           ;
;     Combinational ALUTs       ; 0 / 12,480 ( 0 % )                            ;
;     Dedicated logic registers ; 0 / 12,480 ( 0 % )                            ;
; Total registers               ; 0                                             ;
; Total pins                    ; 24 / 343 ( 7 % )                              ;
; Total virtual pins            ; 0                                             ;
; Total block memory bits       ; 2,048 / 419,328 ( < 1 % )                     ;
; DSP block 9-bit elements      ; 0 / 96 ( 0 % )                                ;
; Total PLLs                    ; 0 / 6 ( 0 % )                                 ;
; Total DLLs                    ; 0 / 2 ( 0 % )                                 ;
; Device                        ; EP2S15F484C3                                  ;
; Timing Models                 ; Final                                         ;
+-------------------------------+-----------------------------------------------+


+-----------------------------------------+
; Flow Settings                           ;
+-------------------+---------------------+
; Option            ; Setting             ;
+-------------------+---------------------+
; Start date & time ; 10/10/2013 18:30:57 ;
; Main task         ; Compilation         ;
; Revision Name     ; sine                ;
+-------------------+---------------------+


+---------------------------------------------------------------------------------------------------------------------+
; Flow Non-Default Global Settings                                                                                    ;
+------------------------------------+---------------------------------+---------------+-------------+----------------+
; Assignment Name                    ; Value                           ; Default Value ; Entity Name ; Section Id     ;
+------------------------------------+---------------------------------+---------------+-------------+----------------+
; COMPILER_SIGNATURE_ID              ; 132129496019492.138144425702940 ; --            ; --          ; --             ;
; PARTITION_COLOR                    ; 16764057                        ; --            ; --          ; Top            ;
; PARTITION_NETLIST_TYPE             ; SOURCE                          ; --            ; --          ; Top            ;
; USE_GENERATED_PHYSICAL_CONSTRAINTS ; Off                             ; --            ; --          ; eda_blast_fpga ;
+------------------------------------+---------------------------------+---------------+-------------+----------------+


+-----------------------------------------------------------------------------------------------------------------------------+
; Flow Elapsed Time                                                                                                           ;
+-------------------------+--------------+-------------------------+---------------------+------------------------------------+
; Module Name             ; Elapsed Time ; Average Processors Used ; Peak Virtual Memory ; Total CPU Time (on all processors) ;
+-------------------------+--------------+-------------------------+---------------------+------------------------------------+
; Analysis & Synthesis    ; 00:00:06     ; 1.0                     ; 322 MB              ; 00:00:02                           ;
; Fitter                  ; 00:00:17     ; 1.0                     ; 411 MB              ; 00:00:04                           ;
; Assembler               ; 00:00:08     ; 1.0                     ; 275 MB              ; 00:00:02                           ;
; Classic Timing Analyzer ; 00:00:04     ; 1.0                     ; 200 MB              ; 00:00:00                           ;
; Total                   ; 00:00:35     ; --                      ; --                  ; 00:00:08                           ;
+-------------------------+--------------+-------------------------+---------------------+------------------------------------+


+------------------------------------------------------------------------------------------+
; Flow OS Summary                                                                          ;
+-------------------------+------------------+---------------+------------+----------------+
; Module Name             ; Machine Hostname ; OS Name       ; OS Version ; Processor type ;
+-------------------------+------------------+---------------+------------+----------------+
; Analysis & Synthesis    ; 156TR4060DS-07   ; Windows Vista ; 6.1        ; x86_64         ;
; Fitter                  ; 156TR4060DS-07   ; Windows Vista ; 6.1        ; x86_64         ;
; Assembler               ; 156TR4060DS-07   ; Windows Vista ; 6.1        ; x86_64         ;
; Classic Timing Analyzer ; 156TR4060DS-07   ; Windows Vista ; 6.1        ; x86_64         ;
+-------------------------+------------------+---------------+------------+----------------+


------------
; Flow Log ;
------------
quartus_map --read_settings_files=on --write_settings_files=off sine -c sine
quartus_fit --read_settings_files=off --write_settings_files=off sine -c sine
quartus_asm --read_settings_files=off --write_settings_files=off sine -c sine
quartus_tan --read_settings_files=off --write_settings_files=off sine -c sine --timing_analysis_only



